TN:
SF:/home/shnoo/Projects/uHLL/src/Builder/DescriptionFinder.cpp
FN:7,_ZN17DescriptionFinderC2ERN5icode17ModuleDescriptionERSt3mapINSt7__cxx1112basic_stringIcSt11char_traitsIcESaIcEEES1_St4lessIS9_ESaISt4pairIKS9_S1_EEER11UnitBuilderR7Console
FN:18,_ZN17DescriptionFinder16setWorkingModuleEPN5icode17ModuleDescriptionE
FN:23,_ZN17DescriptionFinder18setWorkingFunctionEPN5icode19FunctionDescriptionE
FN:28,_ZN17DescriptionFinder17getModuleFromUnitERK4Unit
FN:33,_ZN17DescriptionFinder18getModuleFromTokenERK5Token
FN:45,_ZN17DescriptionFinder8getLocalERK5TokenR4Unit
FN:56,_ZN17DescriptionFinder9getGlobalERK5TokenR4Unit
FN:69,_ZN17DescriptionFinder7getEnumERK5TokenR4Unit
FN:81,_ZN17DescriptionFinder12getIntDefineERK5TokenR4Unit
FN:93,_ZN17DescriptionFinder14getFloatDefineERK5TokenR4Unit
FN:105,_ZN17DescriptionFinder15getStringDefineERK5TokenR4Unit
FN:117,_ZN17DescriptionFinder16getUnitFromTokenERK5Token
FN:142,_ZN17DescriptionFinder24getDataTypeSizeFromTokenERK5Token
FN:158,_ZN17DescriptionFinder11getFunctionERK5Token
FN:174,_ZN17DescriptionFinder19getFormalParametersERKN5icode19FunctionDescriptionE
FNDA:404,_ZN17DescriptionFinder12getIntDefineERK5TokenR4Unit
FNDA:246,_ZN17DescriptionFinder17getModuleFromUnitERK4Unit
FNDA:476,_ZN17DescriptionFinder9getGlobalERK5TokenR4Unit
FNDA:21,_ZN17DescriptionFinder24getDataTypeSizeFromTokenERK5Token
FNDA:9209,_ZN17DescriptionFinder16setWorkingModuleEPN5icode17ModuleDescriptionE
FNDA:45,_ZN17DescriptionFinder14getFloatDefineERK5TokenR4Unit
FNDA:21,_ZN17DescriptionFinder15getStringDefineERK5TokenR4Unit
FNDA:147,_ZN17DescriptionFinder18getModuleFromTokenERK5Token
FNDA:10007,_ZN17DescriptionFinder16getUnitFromTokenERK5Token
FNDA:443,_ZN17DescriptionFinder7getEnumERK5TokenR4Unit
FNDA:2089,_ZN17DescriptionFinder18setWorkingFunctionEPN5icode19FunctionDescriptionE
FNDA:10007,_ZN17DescriptionFinder8getLocalERK5TokenR4Unit
FNDA:803,_ZN17DescriptionFinderC2ERN5icode17ModuleDescriptionERSt3mapINSt7__cxx1112basic_stringIcSt11char_traitsIcESaIcEEES1_St4lessIS9_ESaISt4pairIKS9_S1_EEER11UnitBuilderR7Console
FNDA:1034,_ZN17DescriptionFinder11getFunctionERK5Token
FNDA:1025,_ZN17DescriptionFinder19getFormalParametersERKN5icode19FunctionDescriptionE
FNF:15
FNH:15
DA:7,803
DA:10,803
DA:14,803
DA:16,803
DA:18,9209
DA:20,9209
DA:21,9209
DA:23,2089
DA:25,2089
DA:26,2089
DA:28,246
DA:30,246
DA:33,147
DA:35,294
DA:37,156
DA:39,147
DA:40,27
DA:42,276
DA:45,10007
DA:47,20014
DA:49,10007
DA:50,476
DA:52,9531
DA:53,9531
DA:56,476
DA:58,952
DA:60,952
DA:62,476
DA:63,443
DA:65,33
DA:66,33
DA:69,443
DA:73,443
DA:74,413
DA:75,404
DA:77,39
DA:78,39
DA:81,404
DA:85,404
DA:86,48
DA:87,45
DA:89,359
DA:90,359
DA:93,45
DA:97,45
DA:98,21
DA:99,21
DA:101,24
DA:102,24
DA:105,21
DA:107,42
DA:109,21
DA:110,6
DA:111,6
DA:113,15
DA:114,15
DA:117,10007
DA:119,10007
DA:121,10007
DA:122,9531
DA:124,476
DA:125,33
DA:127,443
DA:128,39
DA:130,404
DA:131,359
DA:133,45
DA:134,24
DA:136,21
DA:137,15
DA:139,18
DA:142,21
DA:144,42
DA:146,21
DA:147,21
DA:148,3
DA:150,36
DA:151,18
DA:152,9
DA:154,15
DA:155,6
DA:158,1034
DA:160,1034
DA:162,1034
DA:163,272
DA:165,762
DA:166,753
DA:168,9
DA:169,3
DA:171,18
DA:174,1025
DA:176,1025
DA:178,2491
DA:180,1466
DA:181,1466
DA:184,1025
LF:96
LH:96
end_of_record
TN:
SF:/home/shnoo/Projects/uHLL/src/Builder/FunctionBuilder.cpp
FN:10,_ZN15FunctionBuilderC2ERSt3mapINSt7__cxx1112basic_stringIcSt11char_traitsIcESaIcEEEN5icode17ModuleDescriptionESt4lessIS6_ESaISt4pairIKS6_S8_EEER14OperandBuilderR11UnitBuilderR7Console
FN:21,_ZN15FunctionBuilder18setWorkingFunctionEPN5icode19FunctionDescriptionE
FN:26,_ZN15FunctionBuilder9pushEntryEN5icode5EntryE
FN:33,_ZN15FunctionBuilder27getCreatePointerDestOperandERK4Unit
FN:48,_ZN15FunctionBuilder13createPointerERK4Unit
FN:68,_ZN15FunctionBuilder8autoCastERKN5icode7OperandENS0_8DataTypeE
FN:94,_ZN15FunctionBuilder16ensureNotPointerEN5icode7OperandE
FN:114,_ZN15FunctionBuilder11operandCopyEN5icode7OperandES1_
FN:134,_ZN15FunctionBuilder7memCopyEN5icode7OperandES1_i
FN:146,_ZN15FunctionBuilder12unitListCopyERK4UnitS2_
FN:175,_ZN15FunctionBuilder8unitCopyERK4UnitS2_
FN:190,_ZN15FunctionBuilder17unitPointerAssignERK4UnitS2_
FN:201,_ZN15FunctionBuilder10createTempEN5icode8DataTypeE
FN:215,_ZN15FunctionBuilder14binaryOperatorEN5icode11InstructionERK4UnitS4_
FN:234,_ZN15FunctionBuilder13unaryOperatorEN5icode11InstructionERK4Unit
FN:252,_ZN15FunctionBuilder12castOperatorERK4UnitN5icode8DataTypeE
FN:260,_ZN15FunctionBuilder19pointerCastOperatorERK4UnitN5icode15TypeDescriptionE
FN:273,_ZN15FunctionBuilder15compareOperatorEN5icode11InstructionERK4UnitS4_
FN:289,_ZN15FunctionBuilder18addressAddOperatorEN5icode7OperandES1_
FN:305,_ZN15FunctionBuilder24addressAddOperatorPtrPtrEN5icode7OperandES1_
FN:321,_ZN15FunctionBuilder23addressMultiplyOperatorEN5icode7OperandES1_
FN:337,_ZN15FunctionBuilder14getStructFieldERK5TokenRK4Unit
FN:363,_ZN15FunctionBuilder17getIndexedElementERK4UnitRKSt6vectorIS0_SaIS0_EE
FN:392,_ZN15FunctionBuilder11createLabelERK5TokenbNSt7__cxx1112basic_stringIcSt11char_traitsIcESaIcEEE
FN:399,_ZN15FunctionBuilder11insertLabelEN5icode7OperandE
FN:411,_ZN15FunctionBuilder12createBranchEN5icode11InstructionENS0_7OperandE
FN:423,_ZN15FunctionBuilder11createPrintERK4Unit
FN:441,_ZN15FunctionBuilder11createInputERK4Unit
FN:463,_ZN15FunctionBuilder11createLocalE5TokenRN5icode15TypeDescriptionE
FN:475,_ZN15FunctionBuilder13getCalleeNameB5cxx11ERK5TokenRKN5icode19FunctionDescriptionE
FN:485,_ZN15FunctionBuilder13passParameterERK5TokenN5icode19FunctionDescriptionERK4UnitS7_
FN:519,_ZN15FunctionBuilder12callFunctionERK5TokenN5icode19FunctionDescriptionE
FN:544,_ZN15FunctionBuilder15noArgumentEntryEN5icode11InstructionE
FN:556,_ZN15FunctionBuilder18getReturnValueUnitEv
FN:570,_ZN15FunctionBuilder21doesFunctionTerminateEv
FN:579,_Z15validMainReturnRKN5icode19FunctionDescriptionE
FN:590,_ZN15FunctionBuilder17terminateFunctionERK5Token
FNDA:1436,_ZN15FunctionBuilder15compareOperatorEN5icode11InstructionERK4UnitS4_
FNDA:1846,_ZN15FunctionBuilder21doesFunctionTerminateEv
FNDA:4979,_ZN15FunctionBuilder27getCreatePointerDestOperandERK4Unit
FNDA:995,_ZN15FunctionBuilder12callFunctionERK5TokenN5icode19FunctionDescriptionE
FNDA:372,_ZN15FunctionBuilder17getIndexedElementERK4UnitRKSt6vectorIS0_SaIS0_EE
FNDA:5148,_ZN15FunctionBuilder8unitCopyERK4UnitS2_
FNDA:1312,_ZN15FunctionBuilder11createPrintERK4Unit
FNDA:10653,_ZN15FunctionBuilder8autoCastERKN5icode7OperandENS0_8DataTypeE
FNDA:3429,_ZN15FunctionBuilder14getStructFieldERK5TokenRK4Unit
FNDA:1852,_ZN15FunctionBuilder17terminateFunctionERK5Token
FNDA:387,_ZN15FunctionBuilder23addressMultiplyOperatorEN5icode7OperandES1_
FNDA:1967,_ZN15FunctionBuilder12createBranchEN5icode11InstructionENS0_7OperandE
FNDA:803,_ZN15FunctionBuilderC2ERSt3mapINSt7__cxx1112basic_stringIcSt11char_traitsIcESaIcEEEN5icode17ModuleDescriptionESt4lessIS6_ESaISt4pairIKS6_S8_EEER14OperandBuilderR11UnitBuilderR7Console
FNDA:2181,_ZN15FunctionBuilder18getReturnValueUnitEv
FNDA:2073,_ZN15FunctionBuilder11insertLabelEN5icode7OperandE
FNDA:175,_ZN15FunctionBuilder10createTempEN5icode8DataTypeE
FNDA:12,_ZN15FunctionBuilder19pointerCastOperatorERK4UnitN5icode15TypeDescriptionE
FNDA:84,_ZN15FunctionBuilder12unitListCopyERK4UnitS2_
FNDA:1757,_ZN15FunctionBuilder11createLocalE5TokenRN5icode15TypeDescriptionE
FNDA:1430,_ZN15FunctionBuilder13passParameterERK5TokenN5icode19FunctionDescriptionERK4UnitS7_
FNDA:2089,_ZN15FunctionBuilder18setWorkingFunctionEPN5icode19FunctionDescriptionE
FNDA:15,_ZN15FunctionBuilder24addressAddOperatorPtrPtrEN5icode7OperandES1_
FNDA:2849,_ZN15FunctionBuilder14binaryOperatorEN5icode11InstructionERK4UnitS4_
FNDA:16334,_ZN15FunctionBuilder16ensureNotPointerEN5icode7OperandE
FNDA:4196,_ZN15FunctionBuilder11createLabelERK5TokenbNSt7__cxx1112basic_stringIcSt11char_traitsIcESaIcEEE
FNDA:3801,_ZN15FunctionBuilder15noArgumentEntryEN5icode11InstructionE
FNDA:45,_ZN15FunctionBuilder17unitPointerAssignERK4UnitS2_
FNDA:4068,_ZN15FunctionBuilder18addressAddOperatorEN5icode7OperandES1_
FNDA:38516,_ZN15FunctionBuilder9pushEntryEN5icode5EntryE
FNDA:4979,_ZN15FunctionBuilder11operandCopyEN5icode7OperandES1_
FNDA:436,_ZN15FunctionBuilder12castOperatorERK4UnitN5icode8DataTypeE
FNDA:5129,_ZN15FunctionBuilder13createPointerERK4Unit
FNDA:0,_ZN15FunctionBuilder11createInputERK4Unit
FNDA:285,_Z15validMainReturnRKN5icode19FunctionDescriptionE
FNDA:439,_ZN15FunctionBuilder7memCopyEN5icode7OperandES1_i
FNDA:182,_ZN15FunctionBuilder13unaryOperatorEN5icode11InstructionERK4Unit
FNDA:2425,_ZN15FunctionBuilder13getCalleeNameB5cxx11ERK5TokenRKN5icode19FunctionDescriptionE
FNF:37
FNH:36
DA:10,803
DA:13,803
DA:17,803
DA:19,803
DA:21,2089
DA:23,2089
DA:24,2089
DA:26,38516
DA:28,38516
DA:30,38516
DA:31,38516
DA:33,4979
DA:37,4979
DA:38,366
DA:41,4613
DA:43,4613
DA:45,4613
DA:48,5129
DA:50,5129
DA:51,150
DA:54,9958
DA:57,9958
DA:59,4979
DA:60,4979
DA:61,4979
DA:63,4979
DA:65,4979
DA:68,10653
DA:80,10653
DA:81,6323
DA:83,8660
DA:85,4330
DA:86,4330
DA:87,4330
DA:89,4330
DA:91,4330
DA:94,16334
DA:99,16334
DA:100,13292
DA:102,6084
DA:104,6084
DA:106,3042
DA:107,3042
DA:108,3042
DA:109,3042
DA:111,3042
DA:114,4979
DA:116,14937
DA:121,4979
DA:123,4979
DA:124,1287
DA:126,3692
DA:128,4979
DA:129,4979
DA:131,4979
DA:132,4979
DA:134,439
DA:136,439
DA:138,439
DA:139,439
DA:140,439
DA:141,439
DA:143,439
DA:144,439
DA:146,84
DA:148,168
DA:150,168
DA:152,354
DA:154,354
DA:156,354
DA:157,105
DA:159,249
DA:161,354
DA:162,84
DA:165,270
DA:167,270
DA:168,9
DA:170,270
DA:171,270
DA:173,84
DA:175,5148
DA:177,5148
DA:178,84
DA:179,5064
DA:181,668
DA:182,334
DA:184,334
DA:187,4730
DA:188,5148
DA:190,45
DA:192,45
DA:194,45
DA:195,45
DA:196,45
DA:198,45
DA:199,45
DA:201,175
DA:203,350
DA:205,175
DA:207,175
DA:208,175
DA:210,175
DA:212,525
DA:215,2849
DA:220,2849
DA:222,2849
DA:224,2849
DA:225,2849
DA:226,2849
DA:227,2849
DA:229,2849
DA:231,8547
DA:234,182
DA:239,182
DA:241,182
DA:243,182
DA:244,182
DA:245,182
DA:247,182
DA:249,546
DA:252,436
DA:255,872
DA:257,1308
DA:260,12
DA:262,24
DA:264,12
DA:265,12
DA:266,12
DA:268,12
DA:270,24
DA:273,1436
DA:278,1436
DA:280,1436
DA:282,1436
DA:283,1436
DA:284,1436
DA:286,1436
DA:287,1436
DA:289,4068
DA:293,8136
DA:295,4068
DA:296,4068
DA:297,4068
DA:298,4068
DA:300,4068
DA:302,8136
DA:305,15
DA:309,30
DA:311,15
DA:312,15
DA:313,15
DA:314,15
DA:316,15
DA:318,30
DA:321,387
DA:325,774
DA:327,387
DA:328,387
DA:329,387
DA:330,387
DA:332,387
DA:334,774
DA:337,3429
DA:339,10287
DA:341,6858
DA:342,3429
DA:343,9
DA:345,3426
DA:346,820
DA:348,6852
DA:349,6852
DA:351,6852
DA:353,3426
DA:354,15
DA:356,3411
DA:358,3426
DA:360,6852
DA:363,372
DA:365,372
DA:366,372
DA:368,744
DA:370,744
DA:372,759
DA:374,774
DA:376,387
DA:377,27
DA:379,387
DA:381,387
DA:384,372
DA:386,372
DA:387,744
DA:389,744
DA:392,4196
DA:394,4196
DA:396,12588
DA:399,2073
DA:403,2073
DA:405,2073
DA:406,2073
DA:408,2073
DA:409,2073
DA:411,1967
DA:415,1967
DA:417,1967
DA:418,1967
DA:420,1967
DA:421,1967
DA:423,1312
DA:427,1312
DA:429,1312
DA:431,1312
DA:433,1312
DA:434,827
DA:436,485
DA:438,1312
DA:439,1312
DA:441,0
DA:445,0
DA:447,0
DA:448,0
DA:450,0
DA:452,0
DA:453,0
DA:456,0
DA:457,0
DA:458,0
DA:460,0
DA:461,0
DA:463,1757
DA:465,1757
DA:466,9
DA:468,1754
DA:470,1754
DA:472,3508
DA:475,2425
DA:477,2425
DA:479,2425
DA:480,526
DA:482,1899
DA:485,1430
DA:491,2860
DA:493,1430
DA:495,1430
DA:497,1430
DA:499,3
DA:500,3
DA:502,1427
DA:504,474
DA:505,474
DA:509,953
DA:510,953
DA:513,1430
DA:514,1430
DA:516,1430
DA:517,1430
DA:519,995
DA:523,1990
DA:525,995
DA:527,1990
DA:529,995
DA:531,995
DA:532,12
DA:534,983
DA:536,995
DA:537,995
DA:539,995
DA:541,1990
DA:544,3801
DA:549,3801
DA:551,3801
DA:553,3801
DA:554,3801
DA:556,2181
DA:558,2181
DA:560,4362
DA:562,2181
DA:563,9
DA:565,2172
DA:567,4362
DA:570,1846
DA:572,1846
DA:573,9
DA:575,1837
DA:576,1837
DA:579,285
DA:581,285
DA:582,3
DA:584,282
DA:585,3
DA:587,279
DA:590,1852
DA:592,1852
DA:593,18
DA:595,1846
DA:596,1514
DA:598,332
DA:599,12
DA:601,326
DA:602,326
LF:299
LH:287
end_of_record
TN:
SF:/home/shnoo/Projects/uHLL/src/Builder/IRBuilder.cpp
FN:5,_ZN9IRBuilderC2ERN5icode11TargetEnumsERSt3mapINSt7__cxx1112basic_stringIcSt11char_traitsIcESaIcEEENS0_17ModuleDescriptionESt4lessIS9_ESaISt4pairIKS9_SA_EEERSE_R7Console
FN:26,_ZN9IRBuilder18resetWorkingModuleEv
FN:34,_ZN9IRBuilder16setWorkingModuleEPN5icode17ModuleDescriptionE
FN:42,_ZN9IRBuilder17pushWorkingModuleEv
FN:47,_ZN9IRBuilder16popWorkingModuleEv
FN:53,_ZN9IRBuilder18setWorkingFunctionERK5Token
FNDA:1127,_ZN9IRBuilder16popWorkingModuleEv
FNDA:6895,_ZN9IRBuilder18resetWorkingModuleEv
FNDA:1181,_ZN9IRBuilder17pushWorkingModuleEv
FNDA:2089,_ZN9IRBuilder18setWorkingFunctionERK5Token
FNDA:2314,_ZN9IRBuilder16setWorkingModuleEPN5icode17ModuleDescriptionE
FNDA:803,_ZN9IRBuilderC2ERN5icode11TargetEnumsERSt3mapINSt7__cxx1112basic_stringIcSt11char_traitsIcESaIcEEENS0_17ModuleDescriptionESt4lessIS9_ESaISt4pairIKS9_SA_EEERSE_R7Console
FNF:6
FNH:6
DA:5,803
DA:8,803
DA:10,803
DA:12,1606
DA:13,1606
DA:14,1606
DA:15,803
DA:17,803
DA:18,803
DA:20,803
DA:21,803
DA:23,803
DA:24,803
DA:26,6895
DA:28,6895
DA:29,6895
DA:30,6895
DA:31,6895
DA:32,6895
DA:34,2314
DA:36,2314
DA:37,2314
DA:38,2314
DA:39,2314
DA:40,2314
DA:42,1181
DA:44,1181
DA:45,1181
DA:47,1127
DA:49,1127
DA:50,1127
DA:51,1127
DA:53,2089
DA:55,4178
DA:57,2089
DA:58,2089
DA:59,2089
DA:60,2089
LF:38
LH:38
end_of_record
TN:
SF:/home/shnoo/Projects/uHLL/src/Builder/ModuleBuilder.cpp
FN:10,_ZN13ModuleBuilderC2ERN5icode17ModuleDescriptionERSt3mapINSt7__cxx1112basic_stringIcSt11char_traitsIcESaIcEEES1_St4lessIS9_ESaISt4pairIKS9_S1_EEER7Console
FN:17,_ZN13ModuleBuilder16setWorkingModuleEPN5icode17ModuleDescriptionE
FN:22,_ZN13ModuleBuilder25createVoidTypeDescriptionEv
FN:37,_ZN13ModuleBuilder20getSizeAndModuleNameB5cxx11ERK5TokenN5icode8DataTypeE
FN:49,_ZN13ModuleBuilder21createTypeDescriptionERK5Token
FN:68,_ZN13ModuleBuilder15createIntDefineERK5Tokeni
FN:76,_ZN13ModuleBuilder17createFloatDefineERK5Tokenf
FN:84,_Z25unescapedStringFromTokensB5cxx11RKSt6vectorI5TokenSaIS0_EE
FN:96,_ZN13ModuleBuilder25createMultilineStringDataB5cxx11ERKSt6vectorI5TokenSaIS1_EE
FN:106,_ZZN13ModuleBuilder25createMultilineStringDataB5cxx11ERKSt6vectorI5TokenSaIS1_EEENKUlRKT_E_clISt4pairIKNSt7__cxx1112basic_stringIcSt11char_traitsIcESaIcEEESH_EEEDaS8_
FN:123,_ZN13ModuleBuilder16createStringDataB5cxx11ERK5Token
FN:129,_ZN13ModuleBuilder18createStringDefineERK5TokenS2_
FN:138,_ZN13ModuleBuilder10createEnumERKSt6vectorI5TokenSaIS1_EE
FN:149,_ZN13ModuleBuilder25createFunctionDescriptionERKN5icode15TypeDescriptionERKSt6vectorI5TokenSaIS5_EERS4_IS1_SaIS1_EE
FN:172,_ZN13ModuleBuilder14createFunctionERK5TokenRKN5icode15TypeDescriptionERKSt6vectorIS0_SaIS0_EERS7_IS4_SaIS4_EE
FN:185,_ZN13ModuleBuilder20createExternFunctionERK5TokenRKN5icode15TypeDescriptionERKSt6vectorIS0_SaIS0_EERS7_IS4_SaIS4_EE
FN:198,_ZN13ModuleBuilder12createGlobalE5TokenRN5icode15TypeDescriptionE
FN:210,_ZN13ModuleBuilder28createEmptyStructDescriptionEv
FN:219,_ZN13ModuleBuilder12createStructERK5TokenRKSt6vectorIS0_SaIS0_EERKS3_IN5icode15TypeDescriptionESaIS9_EE
FN:247,_ZN13ModuleBuilder9createUseERK5TokenS2_
FN:265,_ZN13ModuleBuilder10createFromERK5TokenS2_
FNDA:589,_ZZN13ModuleBuilder25createMultilineStringDataB5cxx11ERKSt6vectorI5TokenSaIS1_EEENKUlRKT_E_clISt4pairIKNSt7__cxx1112basic_stringIcSt11char_traitsIcESaIcEEESH_EEEDaS8_
FNDA:9209,_ZN13ModuleBuilder16setWorkingModuleEPN5icode17ModuleDescriptionE
FNDA:12,_ZN13ModuleBuilder12createGlobalE5TokenRN5icode15TypeDescriptionE
FNDA:524,_Z25unescapedStringFromTokensB5cxx11RKSt6vectorI5TokenSaIS0_EE
FNDA:36,_ZN13ModuleBuilder15createIntDefineERK5Tokeni
FNDA:27,_ZN13ModuleBuilder10createEnumERKSt6vectorI5TokenSaIS1_EE
FNDA:2104,_ZN13ModuleBuilder14createFunctionERK5TokenRKN5icode15TypeDescriptionERKSt6vectorIS0_SaIS0_EERS7_IS4_SaIS4_EE
FNDA:2246,_ZN13ModuleBuilder25createFunctionDescriptionERKN5icode15TypeDescriptionERKSt6vectorI5TokenSaIS5_EERS4_IS1_SaIS1_EE
FNDA:6805,_ZN13ModuleBuilder20getSizeAndModuleNameB5cxx11ERK5TokenN5icode8DataTypeE
FNDA:244,_ZN13ModuleBuilder9createUseERK5TokenS2_
FNDA:148,_ZN13ModuleBuilder20createExternFunctionERK5TokenRKN5icode15TypeDescriptionERKSt6vectorIS0_SaIS0_EERS7_IS4_SaIS4_EE
FNDA:9,_ZN13ModuleBuilder16createStringDataB5cxx11ERK5Token
FNDA:803,_ZN13ModuleBuilderC2ERN5icode17ModuleDescriptionERSt3mapINSt7__cxx1112basic_stringIcSt11char_traitsIcESaIcEEES1_St4lessIS9_ESaISt4pairIKS9_S1_EEER7Console
FNDA:494,_ZN13ModuleBuilder25createVoidTypeDescriptionEv
FNDA:6805,_ZN13ModuleBuilder21createTypeDescriptionERK5Token
FNDA:214,_ZN13ModuleBuilder28createEmptyStructDescriptionEv
FNDA:91,_ZN13ModuleBuilder17createFloatDefineERK5Tokenf
FNDA:117,_ZN13ModuleBuilder10createFromERK5TokenS2_
FNDA:12,_ZN13ModuleBuilder18createStringDefineERK5TokenS2_
FNDA:524,_ZN13ModuleBuilder25createMultilineStringDataB5cxx11ERKSt6vectorI5TokenSaIS1_EE
FNDA:217,_ZN13ModuleBuilder12createStructERK5TokenRKSt6vectorIS0_SaIS0_EERKS3_IN5icode15TypeDescriptionESaIS9_EE
FNF:21
FNH:21
DA:10,803
DA:13,803
DA:15,803
DA:17,9209
DA:19,9209
DA:20,9209
DA:22,494
DA:24,494
DA:26,494
DA:27,494
DA:28,494
DA:29,494
DA:30,494
DA:31,494
DA:32,494
DA:34,494
DA:37,6805
DA:39,6805
DA:40,9838
DA:42,3772
DA:43,1886
DA:44,9
DA:46,1883
DA:49,6805
DA:51,6805
DA:53,13607
DA:55,6802
DA:57,6802
DA:58,6802
DA:59,6802
DA:60,6802
DA:61,6802
DA:62,6802
DA:63,6802
DA:65,13604
DA:68,36
DA:70,36
DA:71,9
DA:73,33
DA:74,33
DA:76,91
DA:78,91
DA:79,9
DA:81,88
DA:82,88
DA:84,524
DA:86,524
DA:88,1051
DA:89,527
DA:91,524
DA:93,524
DA:96,524
DA:100,1048
DA:102,1626
DA:106,1721
DA:108,1132
DA:110,30
DA:111,30
DA:112,30
DA:116,988
DA:117,494
DA:118,494
DA:120,494
DA:123,9
DA:125,36
DA:126,18
DA:129,12
DA:131,12
DA:132,9
DA:134,9
DA:135,9
DA:136,9
DA:138,27
DA:140,84
DA:142,60
DA:143,9
DA:145,57
DA:147,24
DA:149,2246
DA:153,2246
DA:154,2246
DA:155,2246
DA:157,5087
DA:159,2844
DA:160,9
DA:162,2841
DA:165,2841
DA:166,2841
DA:169,2243
DA:172,2104
DA:177,2110
DA:179,2104
DA:180,9
DA:182,2101
DA:183,2098
DA:185,148
DA:190,151
DA:192,148
DA:193,9
DA:195,145
DA:196,145
DA:198,12
DA:200,24
DA:202,12
DA:203,9
DA:205,9
DA:207,9
DA:208,9
DA:210,214
DA:212,214
DA:213,214
DA:214,214
DA:216,214
DA:219,217
DA:223,217
DA:224,9
DA:226,217
DA:228,627
DA:230,416
DA:231,9
DA:233,413
DA:234,413
DA:236,413
DA:237,6
DA:239,407
DA:241,413
DA:244,211
DA:245,211
DA:247,244
DA:249,488
DA:250,488
DA:252,244
DA:253,9
DA:255,241
DA:256,9
DA:258,238
DA:259,9
DA:261,235
DA:262,235
DA:263,235
DA:265,117
DA:268,234
DA:269,234
DA:273,234
DA:274,234
DA:277,234
DA:278,117
DA:279,9
DA:281,114
DA:285,228
DA:286,228
DA:288,114
DA:289,9
DA:291,111
DA:292,54
DA:294,57
DA:295,3
DA:297,54
DA:299,21
DA:300,21
DA:303,33
DA:304,3
DA:306,30
DA:307,3
DA:309,27
DA:311,3
DA:312,3
DA:313,3
DA:316,24
DA:317,6
DA:319,18
DA:321,15
DA:322,9
DA:324,12
DA:325,12
DA:329,9
DA:330,105
LF:177
LH:177
end_of_record
TN:
SF:/home/shnoo/Projects/uHLL/src/Builder/NameMangle.cpp
FN:5,_Z16mangleModuleNameRKNSt7__cxx1112basic_stringIcSt11char_traitsIcESaIcEEE
FN:14,_Z17lineColNameMangleRK5TokenRKNSt7__cxx1112basic_stringIcSt11char_traitsIcESaIcEEE
FN:19,_Z10nameMangleRK5TokenRKNSt7__cxx1112basic_stringIcSt11char_traitsIcESaIcEEE
FNDA:7465,_Z10nameMangleRK5TokenRKNSt7__cxx1112basic_stringIcSt11char_traitsIcESaIcEEE
FNDA:494,_Z17lineColNameMangleRK5TokenRKNSt7__cxx1112basic_stringIcSt11char_traitsIcESaIcEEE
FNDA:6933,_Z16mangleModuleNameRKNSt7__cxx1112basic_stringIcSt11char_traitsIcESaIcEEE
FNF:3
FNH:3
DA:5,6933
DA:7,6933
DA:8,6933
DA:9,6933
DA:11,6933
DA:14,494
DA:16,988
DA:19,7465
DA:21,7465
DA:22,1026
DA:24,12878
LF:11
LH:11
end_of_record
TN:
SF:/home/shnoo/Projects/uHLL/src/Builder/OperandBuilder.cpp
FN:5,_ZN14OperandBuilderC2Ev
FN:10,_ZN14OperandBuilder5getIdEv
FN:15,_ZN14OperandBuilder17createTempOperandEN5icode8DataTypeE
FN:25,_ZN14OperandBuilder20createTempPtrOperandEN5icode8DataTypeE
FN:35,_ZN14OperandBuilder23createTempPtrPtrOperandEN5icode8DataTypeE
FN:45,_ZN14OperandBuilder23createStringDataOperandERKNSt7__cxx1112basic_stringIcSt11char_traitsIcESaIcEEEm
FN:57,_ZN14OperandBuilder18createBytesOperandEm
FN:68,_ZN14OperandBuilder16createVarOperandEN5icode8DataTypeERKNSt7__cxx1112basic_stringIcSt11char_traitsIcESaIcEEENS0_11OperandTypeE
FN:79,_ZN14OperandBuilder21createRetValueOperandEN5icode8DataTypeE
FN:89,_ZN14OperandBuilder23createRetPointerOperandEN5icode8DataTypeE
FN:99,_ZN14OperandBuilder25createCalleeRetValOperandEN5icode8DataTypeE
FN:109,_ZN14OperandBuilder29createCalleeRetPointerOperandEN5icode8DataTypeE
FN:119,_ZN14OperandBuilder25createFloatLiteralOperandEN5icode8DataTypeEd
FN:130,_ZN14OperandBuilder23createIntLiteralOperandEN5icode8DataTypeEl
FN:141,_ZN14OperandBuilder18createLabelOperandERKNSt7__cxx1112basic_stringIcSt11char_traitsIcESaIcEEE
FN:151,_ZN14OperandBuilder19createModuleOperandERKNSt7__cxx1112basic_stringIcSt11char_traitsIcESaIcEEE
FN:161,_ZN14OperandBuilder26operandFromTypeDescriptionERKN5icode15TypeDescriptionERKNSt7__cxx1112basic_stringIcSt11char_traitsIcESaIcEEE
FNDA:983,_ZN14OperandBuilder25createCalleeRetValOperandEN5icode8DataTypeE
FNDA:15209,_ZN14OperandBuilder16createVarOperandEN5icode8DataTypeERKNSt7__cxx1112basic_stringIcSt11char_traitsIcESaIcEEENS0_11OperandTypeE
FNDA:12,_ZN14OperandBuilder29createCalleeRetPointerOperandEN5icode8DataTypeE
FNDA:4349,_ZN14OperandBuilder23createIntLiteralOperandEN5icode8DataTypeEl
FNDA:10463,_ZN14OperandBuilder18createLabelOperandERKNSt7__cxx1112basic_stringIcSt11char_traitsIcESaIcEEE
FNDA:2172,_ZN14OperandBuilder21createRetValueOperandEN5icode8DataTypeE
FNDA:4083,_ZN14OperandBuilder18createBytesOperandEm
FNDA:2425,_ZN14OperandBuilder19createModuleOperandERKNSt7__cxx1112basic_stringIcSt11char_traitsIcESaIcEEE
FNDA:803,_ZN14OperandBuilderC2Ev
FNDA:60864,_ZN14OperandBuilder5getIdEv
FNDA:15,_ZN14OperandBuilder23createTempPtrPtrOperandEN5icode8DataTypeE
FNDA:9,_ZN14OperandBuilder23createRetPointerOperandEN5icode8DataTypeE
FNDA:10403,_ZN14OperandBuilder17createTempOperandEN5icode8DataTypeE
FNDA:590,_ZN14OperandBuilder25createFloatLiteralOperandEN5icode8DataTypeEd
FNDA:12784,_ZN14OperandBuilder26operandFromTypeDescriptionERKN5icode15TypeDescriptionERKNSt7__cxx1112basic_stringIcSt11char_traitsIcESaIcEEE
FNDA:9621,_ZN14OperandBuilder20createTempPtrOperandEN5icode8DataTypeE
FNDA:530,_ZN14OperandBuilder23createStringDataOperandERKNSt7__cxx1112basic_stringIcSt11char_traitsIcESaIcEEEm
FNF:17
FNH:17
DA:5,803
DA:7,803
DA:8,803
DA:10,60864
DA:12,60864
DA:15,10403
DA:17,10403
DA:18,10403
DA:19,10403
DA:20,10403
DA:22,10403
DA:25,9621
DA:27,9621
DA:28,9621
DA:29,9621
DA:30,9621
DA:32,9621
DA:35,15
DA:37,15
DA:38,15
DA:39,15
DA:40,15
DA:42,15
DA:45,530
DA:47,530
DA:48,530
DA:49,530
DA:50,530
DA:51,530
DA:52,530
DA:54,530
DA:57,4083
DA:59,4083
DA:60,4083
DA:61,4083
DA:62,4083
DA:63,4083
DA:65,4083
DA:68,15209
DA:70,15209
DA:71,15209
DA:72,15209
DA:73,15209
DA:74,15209
DA:76,15209
DA:79,2172
DA:81,2172
DA:82,2172
DA:83,2172
DA:84,2172
DA:86,2172
DA:89,9
DA:91,9
DA:92,9
DA:93,9
DA:94,9
DA:96,9
DA:99,983
DA:101,983
DA:102,983
DA:103,983
DA:104,983
DA:106,983
DA:109,12
DA:111,12
DA:112,12
DA:113,12
DA:114,12
DA:116,12
DA:119,590
DA:121,590
DA:122,590
DA:123,590
DA:124,590
DA:125,590
DA:127,590
DA:130,4349
DA:132,4349
DA:133,4349
DA:134,4349
DA:135,4349
DA:136,4349
DA:138,4349
DA:141,10463
DA:143,10463
DA:144,10463
DA:145,10463
DA:146,10463
DA:148,10463
DA:151,2425
DA:153,2425
DA:154,2425
DA:155,2425
DA:156,2425
DA:158,2425
DA:161,12784
DA:163,12784
DA:164,33
DA:166,12751
DA:167,150
DA:170,12601
LF:101
LH:101
end_of_record
TN:
SF:/home/shnoo/Projects/uHLL/src/Builder/TypeCheck.cpp
FN:5,_Z9isSameDimN5icode15TypeDescriptionES0_
FN:32,_Z10isSameTypeRK4UnitS1_
FNDA:10440,_Z9isSameDimN5icode15TypeDescriptionES0_
FNDA:10473,_Z10isSameTypeRK4UnitS1_
FNF:2
FNH:2
DA:5,10440
DA:7,10440
DA:8,15
DA:10,10425
DA:11,114
DA:13,10554
DA:15,264
DA:17,6
DA:18,3
DA:20,258
DA:22,63
DA:23,9
DA:25,195
DA:26,9
DA:29,10290
DA:32,10473
DA:34,10473
DA:35,3
DA:37,20940
DA:38,20940
DA:40,10470
DA:41,889
DA:43,9581
LF:23
LH:23
end_of_record
TN:
SF:/home/shnoo/Projects/uHLL/src/Builder/TypeDescriptionUtil.cpp
FN:5,_Z27typeDescriptionFromDataTypeN5icode8DataTypeE
FN:16,_Z26createArrayTypeDescriptionRKN5icode15TypeDescriptionERSt6vectorIiSaIiEENS_13DimensionTypeE
FN:32,_Z16prependDimensionRKN5icode15TypeDescriptionEiNS_13DimensionTypeE
FNDA:5641,_Z27typeDescriptionFromDataTypeN5icode8DataTypeE
FNDA:141,_Z16prependDimensionRKN5icode15TypeDescriptionEiNS_13DimensionTypeE
FNDA:761,_Z26createArrayTypeDescriptionRKN5icode15TypeDescriptionERSt6vectorIiSaIiEENS_13DimensionTypeE
FNF:3
FNH:3
DA:5,5641
DA:7,5641
DA:8,5641
DA:9,5641
DA:10,5641
DA:11,5641
DA:12,5641
DA:13,5641
DA:16,761
DA:20,761
DA:22,1552
DA:24,791
DA:25,791
DA:26,791
DA:29,761
DA:32,141
DA:34,141
DA:36,141
DA:37,141
DA:38,141
DA:40,141
LF:21
LH:21
end_of_record
TN:
SF:/home/shnoo/Projects/uHLL/src/Builder/Unit.cpp
FN:5,_ZN4UnitC2Ev
FN:7,_ZN4UnitC2ERKN5icode15TypeDescriptionERKNS0_7OperandE
FN:13,_ZN4UnitC2ERKN5icode15TypeDescriptionERKSt6vectorIS_SaIS_EE
FN:19,_ZNK4Unit7flattenEv
FN:37,_ZN4Unit15clearPropertiesEv
FN:43,_ZNK4Unit10moduleNameB5cxx11Ev
FN:48,_ZNK4Unit5dtypeEv
FN:53,_ZNK4Unit9dtypeNameB5cxx11Ev
FN:57,_ZNK4Unit10dimensionsEv
FN:62,_ZNK4Unit4typeEv
FN:67,_ZNK4Unit2opEv
FN:72,_ZNK4Unit4sizeEv
FN:77,_ZNK4Unit9dtypeSizeEv
FN:82,_ZNK4Unit12isStringLtrlEv
FN:87,_ZNK4Unit6isCharEv
FN:92,_ZNK4Unit9isMutableEv
FN:97,_ZNK4Unit13isIntegerTypeEv
FN:102,_ZNK4Unit11isFloatTypeEv
FN:107,_ZNK4Unit8isStructEv
FN:112,_ZNK4Unit7isArrayEv
FN:117,_ZNK4Unit15isMultiDimArrayEv
FN:122,_ZNK4Unit7isLocalEv
FN:127,_ZNK4Unit9isPointerEv
FN:132,_ZNK4Unit27isValidForPointerAssignmentEv
FN:137,_ZNK4Unit13isUserPointerEv
FN:142,_ZNK4Unit19isMutableAndPointerEv
FN:147,_ZNK4Unit18isMutableOrPointerEv
FN:152,_ZNK4Unit9isLiteralEv
FN:157,_ZNK4Unit6isListEv
FNDA:9,_ZNK4Unit13isUserPointerEv
FNDA:54,_ZNK4Unit27isValidForPointerAssignmentEv
FNDA:0,_ZNK4Unit6isCharEv
FNDA:2884,_ZNK4Unit19isMutableAndPointerEv
FNDA:7662,_ZNK4Unit9isMutableEv
FNDA:653,_ZNK4Unit13isIntegerTypeEv
FNDA:28442,_ZN4UnitC2ERKN5icode15TypeDescriptionERKNS0_7OperandE
FNDA:270,_ZNK4Unit9dtypeSizeEv
FNDA:5792,_ZNK4Unit5dtypeEv
FNDA:26783,_ZNK4Unit2opEv
FNDA:108,_ZNK4Unit7flattenEv
FNDA:24,_ZNK4Unit11isFloatTypeEv
FNDA:1315,_ZNK4Unit15isMultiDimArrayEv
FNDA:141,_ZN4UnitC2ERKN5icode15TypeDescriptionERKSt6vectorIS_SaIS_EE
FNDA:8042,_ZNK4Unit9dtypeNameB5cxx11Ev
FNDA:16134,_ZN4UnitC2Ev
FNDA:10993,_ZNK4Unit9isPointerEv
FNDA:21451,_ZNK4Unit7isArrayEv
FNDA:21726,_ZNK4Unit8isStructEv
FNDA:8288,_ZNK4Unit10moduleNameB5cxx11Ev
FNDA:1427,_ZNK4Unit18isMutableOrPointerEv
FNDA:5148,_ZNK4Unit6isListEv
FNDA:2767,_ZNK4Unit9isLiteralEv
FNDA:24616,_ZNK4Unit4typeEv
FNDA:3031,_ZN4Unit15clearPropertiesEv
FNDA:9995,_ZNK4Unit7isLocalEv
FNDA:10482,_ZNK4Unit12isStringLtrlEv
FNDA:777,_ZNK4Unit10dimensionsEv
FNDA:817,_ZNK4Unit4sizeEv
FNF:29
FNH:28
DA:5,16134
DA:7,28442
DA:9,28442
DA:10,28442
DA:11,28442
DA:13,141
DA:15,141
DA:16,141
DA:17,141
DA:19,108
DA:21,108
DA:23,486
DA:25,378
DA:26,354
DA:29,24
DA:30,24
DA:34,108
DA:37,3031
DA:39,3031
DA:40,3031
DA:43,8288
DA:45,8288
DA:48,5792
DA:50,5792
DA:53,8042
DA:55,8042
DA:57,777
DA:59,777
DA:62,24616
DA:64,24616
DA:67,26783
DA:69,26783
DA:72,817
DA:74,817
DA:77,270
DA:79,270
DA:82,10482
DA:84,10482
DA:87,0
DA:89,0
DA:92,7662
DA:94,7662
DA:97,653
DA:99,653
DA:102,24
DA:104,24
DA:107,21726
DA:109,21726
DA:112,21451
DA:114,21451
DA:117,1315
DA:119,1315
DA:122,9995
DA:124,9995
DA:127,10993
DA:129,10993
DA:132,54
DA:134,54
DA:137,9
DA:139,9
DA:142,2884
DA:144,2884
DA:147,1427
DA:149,1427
DA:152,2767
DA:154,2767
DA:157,5148
DA:159,5148
LF:68
LH:66
end_of_record
TN:
SF:/home/shnoo/Projects/uHLL/src/Builder/UnitBuilder.cpp
FN:7,_ZN11UnitBuilderC2ERN5icode17ModuleDescriptionER14OperandBuilder
FN:13,_ZN11UnitBuilder16setWorkingModuleEPN5icode17ModuleDescriptionE
FN:18,_ZN11UnitBuilder18unitFromIntLiteralEl
FN:26,_ZN11UnitBuilder19unitFromCharLiteralEc
FN:34,_ZN11UnitBuilder20unitFromFloatLiteralEd
FN:42,_ZN11UnitBuilder23unitFromTypeDescriptionERN5icode15TypeDescriptionERKNSt7__cxx1112basic_stringIcSt11char_traitsIcESaIcEEE
FN:48,_ZN11UnitBuilder12unitFromEnumEi
FN:57,_ZN11UnitBuilder16unitFromUnitListERKSt6vectorI4UnitSaIS1_EE
FN:71,_ZN11UnitBuilder29getCharCountFromStringDataKeyERKNSt7__cxx1112basic_stringIcSt11char_traitsIcESaIcEEE
FN:81,_ZN11UnitBuilder21unitFromStringDataKeyERKNSt7__cxx1112basic_stringIcSt11char_traitsIcESaIcEEE
FNDA:530,_ZN11UnitBuilder29getCharCountFromStringDataKeyERKNSt7__cxx1112basic_stringIcSt11char_traitsIcESaIcEEE
FNDA:102,_ZN11UnitBuilder19unitFromCharLiteralEc
FNDA:3769,_ZN11UnitBuilder18unitFromIntLiteralEl
FNDA:803,_ZN11UnitBuilderC2ERN5icode17ModuleDescriptionER14OperandBuilder
FNDA:590,_ZN11UnitBuilder20unitFromFloatLiteralEd
FNDA:39,_ZN11UnitBuilder12unitFromEnumEi
FNDA:530,_ZN11UnitBuilder21unitFromStringDataKeyERKNSt7__cxx1112basic_stringIcSt11char_traitsIcESaIcEEE
FNDA:12784,_ZN11UnitBuilder23unitFromTypeDescriptionERN5icode15TypeDescriptionERKNSt7__cxx1112basic_stringIcSt11char_traitsIcESaIcEEE
FNDA:9209,_ZN11UnitBuilder16setWorkingModuleEPN5icode17ModuleDescriptionE
FNDA:141,_ZN11UnitBuilder16unitFromUnitListERKSt6vectorI4UnitSaIS1_EE
FNF:10
FNH:10
DA:7,803
DA:9,803
DA:11,803
DA:13,9209
DA:15,9209
DA:16,9209
DA:18,3769
DA:20,7538
DA:21,7538
DA:23,7538
DA:26,102
DA:28,204
DA:29,204
DA:31,204
DA:34,590
DA:36,1180
DA:37,1180
DA:39,1180
DA:42,12784
DA:44,25568
DA:45,25568
DA:48,39
DA:50,78
DA:52,78
DA:54,78
DA:57,141
DA:59,282
DA:61,141
DA:63,141
DA:64,3
DA:66,141
DA:68,282
DA:71,530
DA:73,530
DA:75,530
DA:76,527
DA:78,3
DA:81,530
DA:83,530
DA:85,1060
DA:86,530
DA:88,1060
DA:89,530
DA:90,530
DA:91,530
DA:93,530
DA:94,1060
DA:96,1060
LF:48
LH:48
end_of_record
TN:
SF:/home/shnoo/Projects/uHLL/src/Builder/Validator/EntryUtil.cpp
FN:3,_Z23allOperandEqualDataTypeRKN5icode5EntryE
FN:8,_Z29allOperandNonVoidBaseDataTypeRKN5icode5EntryE
FN:14,_Z25allOperandNonVoidDataTypeRKN5icode5EntryE
FN:20,_Z20allOperandNonPointerRKN5icode5EntryE
FN:25,_Z9noOperandRKN5icode5EntryE
FN:30,_Z10oneOperandRKN5icode5EntryE
FN:35,_Z10twoOperandRKN5icode5EntryE
FN:40,_Z12threeOperandRKN5icode5EntryE
FNDA:8797,_Z20allOperandNonPointerRKN5icode5EntryE
FNDA:3801,_Z9noOperandRKN5icode5EntryE
FNDA:4285,_Z23allOperandEqualDataTypeRKN5icode5EntryE
FNDA:16993,_Z29allOperandNonVoidBaseDataTypeRKN5icode5EntryE
FNDA:10183,_Z12threeOperandRKN5icode5EntryE
FNDA:57,_Z25allOperandNonVoidDataTypeRKN5icode5EntryE
FNDA:5527,_Z10oneOperandRKN5icode5EntryE
FNDA:19005,_Z10twoOperandRKN5icode5EntryE
FNF:8
FNH:8
DA:3,4285
DA:5,4285
DA:8,16993
DA:10,33986
DA:11,33986
DA:14,57
DA:16,114
DA:17,114
DA:20,8797
DA:22,8797
DA:25,3801
DA:27,3801
DA:30,5527
DA:32,5527
DA:35,19005
DA:37,19005
DA:40,10183
DA:42,10183
LF:18
LH:18
end_of_record
TN:
SF:/home/shnoo/Projects/uHLL/src/Builder/Validator/EntryValidator.cpp
FN:7,_Z5equalRKN5icode5EntryER7Console
FN:15,_Z13pointerAssignRKN5icode5EntryER7Console
FN:22,_Z14binaryOperaterRKN5icode5EntryER7Console
FN:31,_Z15compareOperaterRKN5icode5EntryER7Console
FN:39,_Z19unaryOrCastOperatorRKN5icode5EntryER7Console
FN:46,_Z19pointerCastOperatorRKN5icode5EntryER7Console
FN:54,_Z6branchRKN5icode5EntryER7Console
FN:60,_Z5printRKN5icode5EntryER7Console
FN:67,_Z11printStringRKN5icode5EntryER7Console
FN:74,_Z13createPointerRKN5icode5EntryER7Console
FN:83,_Z12allocPointerRKN5icode5EntryER7Console
FN:90,_Z7addrAddRKN5icode5EntryER7Console
FN:101,_Z7addrMulRKN5icode5EntryER7Console
FN:112,_Z4readRKN5icode5EntryER7Console
FN:120,_Z5writeRKN5icode5EntryER7Console
FN:128,_Z4passRKN5icode5EntryER7Console
FN:137,_Z11passAddressRKN5icode5EntryER7Console
FN:146,_Z11passPointerRKN5icode5EntryER7Console
FN:155,_Z4callRKN5icode5EntryER7Console
FN:163,_Z5inputRKN5icode5EntryER7Console
FN:172,_Z11inputStringRKN5icode5EntryER7Console
FN:181,_Z10memoryCopyRKN5icode5EntryER7Console
FN:192,_Z13validateEntryRKN5icode5EntryER7Console
FNDA:439,_Z10memoryCopyRKN5icode5EntryER7Console
FNDA:485,_Z11printStringRKN5icode5EntryER7Console
FNDA:387,_Z7addrMulRKN5icode5EntryER7Console
FNDA:1436,_Z15compareOperaterRKN5icode5EntryER7Console
FNDA:4979,_Z13createPointerRKN5icode5EntryER7Console
FNDA:953,_Z4passRKN5icode5EntryER7Console
FNDA:3692,_Z5equalRKN5icode5EntryER7Console
FNDA:995,_Z4callRKN5icode5EntryER7Console
FNDA:4083,_Z7addrAddRKN5icode5EntryER7Console
FNDA:38516,_Z13validateEntryRKN5icode5EntryER7Console
FNDA:3,_Z11passPointerRKN5icode5EntryER7Console
FNDA:0,_Z5inputRKN5icode5EntryER7Console
FNDA:45,_Z13pointerAssignRKN5icode5EntryER7Console
FNDA:4512,_Z19unaryOrCastOperatorRKN5icode5EntryER7Console
FNDA:2849,_Z14binaryOperaterRKN5icode5EntryER7Console
FNDA:827,_Z5printRKN5icode5EntryER7Console
FNDA:474,_Z11passAddressRKN5icode5EntryER7Console
FNDA:3042,_Z4readRKN5icode5EntryER7Console
FNDA:1287,_Z5writeRKN5icode5EntryER7Console
FNDA:0,_Z11inputStringRKN5icode5EntryER7Console
FNDA:12,_Z19pointerCastOperatorRKN5icode5EntryER7Console
FNDA:4040,_Z6branchRKN5icode5EntryER7Console
FNDA:175,_Z12allocPointerRKN5icode5EntryER7Console
FNF:23
FNH:21
DA:7,3692
DA:9,3692
DA:10,3692
DA:11,3692
DA:12,3692
DA:13,3692
DA:15,45
DA:17,45
DA:18,45
DA:19,45
DA:20,45
DA:22,2849
DA:24,2849
DA:25,2849
DA:26,2849
DA:27,2849
DA:28,2849
DA:29,2849
DA:31,1436
DA:33,1436
DA:34,1436
DA:35,1436
DA:36,1436
DA:37,1436
DA:39,4512
DA:41,4512
DA:42,4512
DA:43,4512
DA:44,4512
DA:46,12
DA:48,12
DA:49,12
DA:50,12
DA:51,12
DA:52,12
DA:54,4040
DA:56,4040
DA:57,4040
DA:58,4040
DA:60,827
DA:62,827
DA:63,827
DA:64,827
DA:65,827
DA:67,485
DA:69,485
DA:70,485
DA:71,485
DA:72,485
DA:74,4979
DA:76,4979
DA:77,4979
DA:78,4979
DA:79,4979
DA:80,4979
DA:81,4979
DA:83,175
DA:85,175
DA:86,175
DA:87,175
DA:88,175
DA:90,4083
DA:92,4083
DA:93,4083
DA:94,4083
DA:95,4083
DA:96,4083
DA:97,4083
DA:98,4083
DA:99,4083
DA:101,387
DA:103,387
DA:104,387
DA:105,387
DA:106,387
DA:107,387
DA:108,387
DA:109,387
DA:110,387
DA:112,3042
DA:114,3042
DA:115,3042
DA:116,3042
DA:117,3042
DA:118,3042
DA:120,1287
DA:122,1287
DA:123,1287
DA:124,1287
DA:125,1287
DA:126,1287
DA:128,953
DA:130,953
DA:131,953
DA:132,953
DA:133,953
DA:134,953
DA:135,953
DA:137,474
DA:139,474
DA:140,474
DA:141,474
DA:142,474
DA:143,474
DA:144,474
DA:146,3
DA:148,3
DA:149,3
DA:150,3
DA:151,3
DA:152,3
DA:153,3
DA:155,995
DA:157,995
DA:158,995
DA:159,995
DA:160,995
DA:161,995
DA:163,0
DA:165,0
DA:166,0
DA:167,0
DA:168,0
DA:169,0
DA:170,0
DA:172,0
DA:174,0
DA:175,0
DA:176,0
DA:177,0
DA:178,0
DA:179,0
DA:181,439
DA:183,439
DA:184,439
DA:185,439
DA:186,439
DA:187,439
DA:188,439
DA:189,439
DA:190,439
DA:192,38516
DA:194,38516
DA:195,38516
DA:196,38516
DA:198,38516
DA:200,3692
DA:201,3692
DA:202,3692
DA:203,45
DA:204,45
DA:205,45
DA:206,2849
DA:216,2849
DA:217,2849
DA:218,4512
DA:221,4512
DA:222,4512
DA:223,12
DA:224,12
DA:225,12
DA:226,1436
DA:232,1436
DA:233,1436
DA:234,4040
DA:238,4040
DA:239,4040
DA:240,4979
DA:241,4979
DA:242,4979
DA:243,175
DA:244,175
DA:245,175
DA:246,4083
DA:247,4083
DA:248,4083
DA:249,387
DA:250,387
DA:251,387
DA:252,3042
DA:253,3042
DA:254,3042
DA:255,1287
DA:256,1287
DA:257,1287
DA:258,827
DA:259,827
DA:260,827
DA:261,485
DA:262,485
DA:263,485
DA:264,953
DA:265,953
DA:266,953
DA:267,474
DA:268,474
DA:269,474
DA:270,3
DA:271,3
DA:272,3
DA:273,995
DA:274,995
DA:275,995
DA:276,0
DA:277,0
DA:278,0
DA:279,0
DA:280,0
DA:281,0
DA:282,439
DA:283,439
DA:284,439
DA:285,3801
DA:288,3801
DA:289,3801
DA:290,0
DA:291,0
DA:293,38516
LF:218
LH:196
end_of_record
TN:
SF:/home/shnoo/Projects/uHLL/src/Builder/Validator/OperandUtil.cpp
FN:3,_Z13validDataTypeRKN5icode7OperandE
FN:8,_Z19nonVoidBaseDataTypeRKN5icode7OperandE
FN:13,_Z15nonVoidDataTypeRKN5icode7OperandE
FN:18,_Z4noneRKN5icode7OperandE
FN:23,_Z7notNoneRKN5icode7OperandE
FNDA:74086,_Z7notNoneRKN5icode7OperandE
FNDA:82431,_Z19nonVoidBaseDataTypeRKN5icode7OperandE
FNDA:19650,_Z15nonVoidDataTypeRKN5icode7OperandE
FNDA:37446,_Z13validDataTypeRKN5icode7OperandE
FNDA:63222,_Z4noneRKN5icode7OperandE
FNF:5
FNH:5
DA:3,37446
DA:5,37446
DA:8,82431
DA:10,82431
DA:13,19650
DA:15,19650
DA:18,63222
DA:20,63222
DA:23,74086
DA:25,74086
LF:10
LH:10
end_of_record
TN:
SF:/home/shnoo/Projects/uHLL/src/Builder/Validator/OperandValidator.cpp
FN:5,_Z19validateNoneOperandRKN5icode7OperandER7Console
FN:11,_Z28validateTempOrLiteralOperandRKN5icode7OperandER7Console
FN:17,_Z22validateTempPtrOperandRKN5icode7OperandER7Console
FN:23,_Z22validateStrDataOperandRKN5icode7OperandER7Console
FN:29,_Z19validateNameOperandRKN5icode7OperandER7Console
FN:35,_Z22validateVaOrPtrOperandRKN5icode7OperandER7Console
FN:41,_Z18validateRetOperandRKN5icode7OperandER7Console
FN:47,_Z15validateOperandRKN5icode7OperandER7Console
FNDA:115548,_Z15validateOperandRKN5icode7OperandER7Console
FNDA:29672,_Z28validateTempOrLiteralOperandRKN5icode7OperandER7Console
FNDA:41462,_Z19validateNoneOperandRKN5icode7OperandER7Console
FNDA:6465,_Z19validateNameOperandRKN5icode7OperandER7Console
FNDA:19910,_Z22validateTempPtrOperandRKN5icode7OperandER7Console
FNDA:13614,_Z22validateVaOrPtrOperandRKN5icode7OperandER7Console
FNDA:3922,_Z18validateRetOperandRKN5icode7OperandER7Console
FNDA:503,_Z22validateStrDataOperandRKN5icode7OperandER7Console
FNF:8
FNH:8
DA:5,41462
DA:7,41462
DA:8,41462
DA:9,41462
DA:11,29672
DA:13,29672
DA:14,29672
DA:15,29672
DA:17,19910
DA:19,19910
DA:20,19910
DA:21,19910
DA:23,503
DA:25,503
DA:26,503
DA:27,503
DA:29,6465
DA:31,6465
DA:32,6465
DA:33,6465
DA:35,13614
DA:37,13614
DA:38,13614
DA:39,13614
DA:41,3922
DA:43,3922
DA:44,3922
DA:45,3922
DA:47,115548
DA:49,115548
DA:51,29672
DA:54,29672
DA:55,29672
DA:56,19910
DA:58,19910
DA:59,19910
DA:60,13614
DA:63,13614
DA:64,13614
DA:65,3922
DA:69,3922
DA:70,3922
DA:71,503
DA:72,503
DA:73,503
DA:74,6465
DA:76,6465
DA:77,6465
DA:78,41462
DA:79,41462
DA:80,41462
DA:81,0
DA:82,0
DA:84,115548
LF:54
LH:52
end_of_record
TN:
SF:/home/shnoo/Projects/uHLL/src/Console/Console.cpp
FN:3,_ZN7Console19compileErrorOnTokenERKNSt7__cxx1112basic_stringIcSt11char_traitsIcESaIcEEERK5Token
FN:9,_ZN7Console9typeErrorERK5TokenRK4UnitS5_
FN:15,_ZN7Console23internalBugErrorOnTokenERK5Token
FN:21,_ZN7Console16internalBugErrorEv
FN:27,_ZN7Console23internalBugErrorMessageERKNSt7__cxx1112basic_stringIcSt11char_traitsIcESaIcEEE
FN:33,_ZN7Console10parseErrorERN5token9TokenTypeER5Token
FN:39,_ZN7Console19parserErrorMultipleEPKN5token9TokenTypeEiRK5Token
FN:45,_ZN7Console10lexerErrorERKNSt7__cxx1112basic_stringIcSt11char_traitsIcESaIcEEES7_ii
FN:51,_ZN7Console5checkEb
FN:57,_ZN7Console9getStreamEv
FN:62,_ZN7Console11getFileNameB5cxx11Ev
FN:67,_ZN7Console10pushModuleERKNSt7__cxx1112basic_stringIcSt11char_traitsIcESaIcEEE
FN:79,_ZN7Console9popModuleEv
FNDA:827,_ZN7Console9getStreamEv
FNDA:0,_ZN7Console23internalBugErrorOnTokenERK5Token
FNDA:234,_ZN7Console19compileErrorOnTokenERKNSt7__cxx1112basic_stringIcSt11char_traitsIcESaIcEEERK5Token
FNDA:3,_ZN7Console10parseErrorERN5token9TokenTypeER5Token
FNDA:0,_ZN7Console16internalBugErrorEv
FNDA:827,_ZN7Console11getFileNameB5cxx11Ev
FNDA:828,_ZN7Console10pushModuleERKNSt7__cxx1112basic_stringIcSt11char_traitsIcESaIcEEE
FNDA:66,_ZN7Console9typeErrorERK5TokenRK4UnitS5_
FNDA:3,_ZN7Console10lexerErrorERKNSt7__cxx1112basic_stringIcSt11char_traitsIcESaIcEEES7_ii
FNDA:383618,_ZN7Console5checkEb
FNDA:18,_ZN7Console19parserErrorMultipleEPKN5token9TokenTypeEiRK5Token
FNDA:223,_ZN7Console9popModuleEv
FNDA:0,_ZN7Console23internalBugErrorMessageERKNSt7__cxx1112basic_stringIcSt11char_traitsIcESaIcEEE
FNF:13
FNH:10
DA:3,234
DA:5,234
DA:6,234
DA:9,66
DA:11,66
DA:12,66
DA:15,0
DA:17,0
DA:18,0
DA:21,0
DA:23,0
DA:24,0
DA:27,0
DA:29,0
DA:30,0
DA:33,3
DA:35,3
DA:36,3
DA:39,18
DA:41,18
DA:42,18
DA:45,3
DA:47,3
DA:48,3
DA:51,383618
DA:53,383618
DA:54,0
DA:55,383618
DA:57,827
DA:59,827
DA:62,827
DA:64,827
DA:67,828
DA:69,828
DA:70,828
DA:72,827
DA:73,827
DA:75,827
DA:76,827
DA:77,827
DA:79,223
DA:81,223
DA:82,223
DA:84,223
DA:85,223
DA:86,223
LF:46
LH:36
end_of_record
TN:
SF:/home/shnoo/Projects/uHLL/src/Generator/Assignment.cpp
FN:9,_Z18assignmentFromTreeRN9generator16GeneratorContextERK4NodeRK5TokenS7_RK4UnitSA_
FN:60,_Z10assignmentRN9generator16GeneratorContextERK4Node
FNDA:2740,_Z18assignmentFromTreeRN9generator16GeneratorContextERK4NodeRK5TokenS7_RK4UnitSA_
FNDA:1449,_Z10assignmentRN9generator16GeneratorContextERK4Node
FNF:2
FNH:2
DA:9,2740
DA:16,5480
DA:18,2740
DA:19,9
DA:21,2737
DA:22,72
DA:24,2701
DA:25,36
DA:27,2689
DA:28,9
DA:30,2686
DA:31,9
DA:33,2683
DA:35,2094
DA:36,9
DA:38,2091
DA:39,12
DA:41,2088
DA:43,589
DA:45,42
DA:46,9
DA:48,39
DA:49,9
DA:50,9
DA:52,36
DA:56,547
DA:58,2671
DA:60,1449
DA:62,1449
DA:63,1449
DA:64,2898
DA:65,2880
DA:67,1431
DA:68,1401
LF:34
LH:34
end_of_record
TN:
SF:/home/shnoo/Projects/uHLL/src/Generator/CustomOperator.cpp
FN:8,_Z14customOperatorRN9generator16GeneratorContextERK5TokenS4_S4_RK4UnitS7_
FN:37,_Z14binaryOperatorRN9generator16GeneratorContextERK5TokenS4_S4_RK4UnitS7_
FNDA:69,_Z14customOperatorRN9generator16GeneratorContextERK5TokenS4_S4_RK4UnitS7_
FNDA:2894,_Z14binaryOperatorRN9generator16GeneratorContextERK5TokenS4_S4_RK4UnitS7_
FNF:2
FNH:2
DA:8,69
DA:15,69
DA:17,69
DA:19,135
DA:21,66
DA:22,9
DA:24,66
DA:26,63
DA:27,63
DA:29,60
DA:30,60
DA:32,60
DA:34,120
DA:37,2894
DA:44,2894
DA:46,2894
DA:47,45
DA:49,2849
LF:18
LH:18
end_of_record
TN:
SF:/home/shnoo/Projects/uHLL/src/Generator/Define.cpp
FN:3,_Z15createPosDefineRN9generator16GeneratorContextERK4Node
FN:14,_Z15createNegDefineRN9generator16GeneratorContextERK4Node
FN:25,_Z18createStringDefineRN9generator16GeneratorContextERK4Node
FN:33,_Z20createDefineFromNodeRN9generator16GeneratorContextERK4Node
FNDA:121,_Z15createPosDefineRN9generator16GeneratorContextERK4Node
FNDA:6,_Z15createNegDefineRN9generator16GeneratorContextERK4Node
FNDA:12,_Z18createStringDefineRN9generator16GeneratorContextERK4Node
FNDA:139,_Z20createDefineFromNodeRN9generator16GeneratorContextERK4Node
FNF:4
FNH:4
DA:3,121
DA:5,121
DA:6,121
DA:8,121
DA:9,33
DA:11,88
DA:12,115
DA:14,6
DA:16,6
DA:17,6
DA:19,6
DA:20,3
DA:22,3
DA:23,6
DA:25,12
DA:27,12
DA:28,12
DA:30,12
DA:31,9
DA:33,139
DA:35,139
DA:36,6
DA:37,133
DA:38,12
DA:40,121
DA:41,130
LF:26
LH:26
end_of_record
TN:
SF:/home/shnoo/Projects/uHLL/src/Generator/Enum.cpp
FN:3,_Z18createEnumFromNodeRN9generator16GeneratorContextERK4Node
FNDA:27,_Z18createEnumFromNodeRN9generator16GeneratorContextERK4Node
FNF:1
FNH:1
DA:3,27
DA:5,54
DA:7,90
DA:8,63
DA:10,27
DA:11,24
LF:6
LH:6
end_of_record
TN:
SF:/home/shnoo/Projects/uHLL/src/Generator/Expression.cpp
FN:12,_Z6sizeOfRN9generator16GeneratorContextERK4Node
FN:24,_Z7literalRN9generator16GeneratorContextERK4Node
FN:50,_Z4castRN9generator16GeneratorContextERK4Node
FN:65,_Z11pointerCastRN9generator16GeneratorContextERK4Node
FN:82,_Z13unaryOperatorRN9generator16GeneratorContextERK4Node
FN:114,_Z23switchModuleAndCallTermRN9generator16GeneratorContextERK4Node
FN:131,_Z12functionCallRN9generator16GeneratorContextERK4Node
FN:174,_Z4termRN9generator16GeneratorContextERK4Node
FN:205,_Z22multilineStringLiteralRN9generator16GeneratorContextERK4Node
FN:216,_Z15initializerListRN9generator16GeneratorContextERK4Node
FN:234,_Z18ordinaryExpressionRN9generator16GeneratorContextERK4Node
FN:267,_Z22conditionalAndOperatorRN9generator16GeneratorContextERK5TokenRK4NodeRKN5icode7OperandESB_b
FN:288,_Z21conditionalOrOperatorRN9generator16GeneratorContextERK5TokenRK4NodeRKN5icode7OperandESB_b
FN:309,_Z11createJumpsRN9generator16GeneratorContextERKN5icode7OperandES5_b
FN:320,_Z14truthyOperatorRN9generator16GeneratorContextERK4UnitRK5TokenRKN5icode7OperandESB_b
FN:337,_Z16truthyExpressionRN9generator16GeneratorContextERK4NodeRKN5icode7OperandES8_b
FN:347,_Z20relationalExpressionRN9generator16GeneratorContextERK5TokenRK4NodeRKN5icode7OperandESB_b
FN:379,_Z15conditionalTermRN9generator16GeneratorContextERK4NodeRKN5icode7OperandES8_b
FN:393,_Z21conditionalExpressionRN9generator16GeneratorContextERK4NodeRKN5icode7OperandES8_b
FN:421,_Z10expressionRN9generator16GeneratorContextERK4Node
FNDA:31317,_Z18ordinaryExpressionRN9generator16GeneratorContextERK4Node
FNDA:166,_Z22conditionalAndOperatorRN9generator16GeneratorContextERK5TokenRK4NodeRKN5icode7OperandESB_b
FNDA:1436,_Z11createJumpsRN9generator16GeneratorContextERKN5icode7OperandES5_b
FNDA:515,_Z22multilineStringLiteralRN9generator16GeneratorContextERK4Node
FNDA:829,_Z15conditionalTermRN9generator16GeneratorContextERK4NodeRKN5icode7OperandES8_b
FNDA:3653,_Z7literalRN9generator16GeneratorContextERK4Node
FNDA:24,_Z6sizeOfRN9generator16GeneratorContextERK4Node
FNDA:442,_Z4castRN9generator16GeneratorContextERK4Node
FNDA:15,_Z11pointerCastRN9generator16GeneratorContextERK4Node
FNDA:27186,_Z10expressionRN9generator16GeneratorContextERK4Node
FNDA:965,_Z12functionCallRN9generator16GeneratorContextERK4Node
FNDA:15723,_Z4termRN9generator16GeneratorContextERK4Node
FNDA:3245,_Z21conditionalExpressionRN9generator16GeneratorContextERK4NodeRKN5icode7OperandES8_b
FNDA:33,_Z16truthyExpressionRN9generator16GeneratorContextERK4NodeRKN5icode7OperandES8_b
FNDA:57,_Z14truthyOperatorRN9generator16GeneratorContextERK4UnitRK5TokenRKN5icode7OperandESB_b
FNDA:1412,_Z20relationalExpressionRN9generator16GeneratorContextERK5TokenRK4NodeRKN5icode7OperandESB_b
FNDA:191,_Z13unaryOperatorRN9generator16GeneratorContextERK4Node
FNDA:156,_Z15initializerListRN9generator16GeneratorContextERK4Node
FNDA:15,_Z21conditionalOrOperatorRN9generator16GeneratorContextERK5TokenRK4NodeRKN5icode7OperandESB_b
FNDA:105,_Z23switchModuleAndCallTermRN9generator16GeneratorContextERK4Node
FNF:20
FNH:20
DA:12,24
DA:14,24
DA:15,24
DA:17,21
DA:19,18
DA:21,18
DA:24,3653
DA:26,3653
DA:28,2985
DA:32,2985
DA:33,2985
DA:35,102
DA:37,102
DA:38,102
DA:40,566
DA:42,566
DA:43,566
DA:45,0
DA:46,0
DA:50,442
DA:52,884
DA:54,442
DA:56,442
DA:57,9
DA:59,439
DA:60,9
DA:62,872
DA:65,15
DA:67,30
DA:69,15
DA:70,9
DA:72,12
DA:74,12
DA:75,9
DA:77,3
DA:79,24
DA:82,191
DA:84,382
DA:86,191
DA:87,9
DA:89,188
DA:90,9
DA:92,185
DA:93,9
DA:96,182
DA:98,179
DA:99,179
DA:100,179
DA:101,3
DA:102,3
DA:103,3
DA:104,0
DA:105,0
DA:107,0
DA:108,0
DA:111,364
DA:114,105
DA:116,105
DA:117,105
DA:119,105
DA:121,102
DA:122,9
DA:124,99
DA:126,99
DA:128,99
DA:131,965
DA:133,965
DA:135,1930
DA:137,965
DA:139,932
DA:141,932
DA:142,177
DA:145,965
DA:146,1927
DA:147,989
DA:149,962
DA:150,9
DA:152,2269
DA:154,2668
DA:156,1358
DA:157,1334
DA:159,1334
DA:160,929
DA:162,405
DA:164,1334
DA:166,1310
DA:169,935
DA:171,1870
DA:174,15723
DA:176,31446
DA:178,15723
DA:180,3653
DA:181,3653
DA:182,9998
DA:183,9998
DA:184,442
DA:185,442
DA:186,15
DA:188,15
DA:189,191
DA:190,191
DA:191,594
DA:192,594
DA:193,701
DA:195,701
DA:196,105
DA:197,105
DA:198,24
DA:199,24
DA:200,0
DA:201,0
DA:205,515
DA:207,1030
DA:209,1033
DA:210,518
DA:212,1030
DA:213,1030
DA:216,156
DA:218,312
DA:220,636
DA:222,495
DA:224,495
DA:226,495
DA:227,339
DA:228,15
DA:231,282
DA:234,31317
DA:236,31317
DA:237,515
DA:239,30802
DA:240,156
DA:242,30646
DA:243,14970
DA:245,15676
DA:246,13320
DA:248,4712
DA:250,2356
DA:251,2356
DA:252,4712
DA:253,4712
DA:255,2356
DA:256,9
DA:258,2353
DA:259,3
DA:261,2350
DA:262,9
DA:264,2347
DA:267,166
DA:274,498
DA:275,498
DA:277,166
DA:278,163
DA:280,3
DA:282,166
DA:284,166
DA:285,3
DA:286,166
DA:288,15
DA:295,45
DA:296,45
DA:298,15
DA:299,3
DA:301,12
DA:303,15
DA:305,15
DA:306,12
DA:307,15
DA:309,1436
DA:314,1436
DA:315,33
DA:317,1403
DA:318,1436
DA:320,57
DA:327,114
DA:329,57
DA:330,9
DA:332,54
DA:334,54
DA:335,54
DA:337,33
DA:343,66
DA:344,33
DA:345,30
DA:347,1412
DA:354,1412
DA:356,1412
DA:357,1412
DA:358,2824
DA:359,2824
DA:361,1412
DA:362,9
DA:364,1409
DA:365,3
DA:367,1406
DA:369,48
DA:370,24
DA:374,1382
DA:375,1382
DA:377,1406
DA:379,829
DA:385,829
DA:386,18
DA:387,811
DA:388,787
DA:390,24
DA:391,823
DA:393,3245
DA:399,3245
DA:400,9
DA:402,3242
DA:403,829
DA:404,2413
DA:405,811
DA:408,3204
DA:410,1602
DA:411,166
DA:412,1436
DA:413,15
DA:414,1421
DA:415,1412
DA:417,9
DA:419,3224
DA:421,27186
DA:423,27186
DA:424,27011
DA:426,350
DA:428,525
DA:429,525
DA:431,525
DA:433,175
DA:435,175
DA:436,175
DA:438,175
DA:440,175
DA:442,175
DA:444,175
LF:236
LH:228
end_of_record
TN:
SF:/home/shnoo/Projects/uHLL/src/Generator/Function.cpp
FN:7,_Z12getParamTypeRN9generator16GeneratorContextERK4Node
FN:17,_Z11isParamNodeRK4Node
FN:22,_Z22createFunctionFromNodeRN9generator16GeneratorContextERK4Node
FNDA:2252,_Z22createFunctionFromNodeRN9generator16GeneratorContextERK4Node
FNDA:2847,_Z12getParamTypeRN9generator16GeneratorContextERK4Node
FNDA:5099,_Z11isParamNodeRK4Node
FNF:3
FNH:3
DA:7,2847
DA:9,2847
DA:11,2847
DA:12,160
DA:14,2847
DA:17,5099
DA:19,5099
DA:22,2252
DA:24,4504
DA:25,4504
DA:27,4504
DA:28,4504
DA:30,5099
DA:32,5694
DA:33,5694
DA:35,2847
DA:36,2847
DA:38,2847
DA:41,2252
DA:42,2104
DA:44,148
DA:45,2243
LF:22
LH:22
end_of_record
TN:
SF:/home/shnoo/Projects/uHLL/src/Generator/GeneratorContext.cpp
FN:7,_ZN9generator16GeneratorContextC2ERN5icode11TargetEnumsERSt3mapINSt7__cxx1112basic_stringIcSt11char_traitsIcESaIcEEENS1_17ModuleDescriptionESt4lessISA_ESaISt4pairIKSA_SB_EEERSF_R7Console
FNDA:803,_ZN9generator16GeneratorContextC2ERN5icode11TargetEnumsERSt3mapINSt7__cxx1112basic_stringIcSt11char_traitsIcESaIcEEENS1_17ModuleDescriptionESt4lessISA_ESaISt4pairIKSA_SB_EEERSF_R7Console
FNF:1
FNH:1
DA:7,803
DA:10,803
DA:13,803
DA:15,803
LF:4
LH:4
end_of_record
TN:
SF:/home/shnoo/Projects/uHLL/src/Generator/Global.cpp
FN:7,_Z20createGlobalFromNodeRN9generator16GeneratorContextERK4Node
FNDA:12,_Z20createGlobalFromNodeRN9generator16GeneratorContextERK4Node
FNF:1
FNH:1
DA:7,12
DA:9,24
DA:11,15
DA:13,12
DA:15,15
DA:16,9
LF:6
LH:6
end_of_record
TN:
SF:/home/shnoo/Projects/uHLL/src/Generator/IRGenerator.cpp
FN:11,_ZN9generator7getUsesERNS_16GeneratorContextERK4Node
FN:22,_Z14generateSymbolRN9generator16GeneratorContextERK4Node
FN:54,_Z16generateFunctionRN9generator16GeneratorContextERK4Node
FN:72,_ZN9generator14generateModuleERNS_16GeneratorContextERK4Node
FNDA:794,_ZN9generator14generateModuleERNS_16GeneratorContextERK4Node
FNDA:2089,_Z16generateFunctionRN9generator16GeneratorContextERK4Node
FNDA:803,_ZN9generator7getUsesERNS_16GeneratorContextERK4Node
FNDA:2975,_Z14generateSymbolRN9generator16GeneratorContextERK4Node
FNF:4
FNH:4
DA:11,803
DA:13,1047
DA:15,1038
DA:16,244
DA:18,794
DA:20,794
DA:22,2975
DA:24,2975
DA:26,2975
DA:28,229
DA:29,229
DA:30,99
DA:31,99
DA:32,87
DA:33,217
DA:34,217
DA:35,211
DA:36,2252
DA:38,2252
DA:39,2243
DA:40,27
DA:41,27
DA:42,24
DA:43,139
DA:44,139
DA:45,130
DA:46,12
DA:47,12
DA:48,9
DA:49,0
DA:50,0
DA:52,2933
DA:54,2089
DA:56,2089
DA:58,2089
DA:60,2089
DA:62,2089
DA:63,2089
DA:65,4889
DA:66,4889
DA:67,4652
DA:69,1852
DA:70,1840
DA:72,794
DA:74,3727
DA:75,2975
DA:77,3373
DA:78,2870
DA:79,2089
DA:80,503
LF:50
LH:48
end_of_record
TN:
SF:/home/shnoo/Projects/uHLL/src/Generator/Input.cpp
FN:5,_Z5inputRN9generator16GeneratorContextERK4Node
FNDA:0,_Z5inputRN9generator16GeneratorContextERK4Node
FNF:1
FNH:0
DA:5,0
DA:7,0
DA:9,0
DA:10,0
DA:12,0
DA:13,0
DA:15,0
DA:16,0
DA:18,0
DA:19,0
DA:21,0
DA:22,0
LF:12
LH:0
end_of_record
TN:
SF:/home/shnoo/Projects/uHLL/src/Generator/Local.cpp
FN:8,_Z5localRN9generator16GeneratorContextERK4Node
FNDA:1760,_Z5localRN9generator16GeneratorContextERK4Node
FNF:1
FNH:1
DA:8,1760
DA:10,3520
DA:12,3517
DA:14,1757
DA:16,1757
DA:17,1721
DA:19,3514
DA:21,3508
DA:23,1754
DA:24,514
DA:26,2672
DA:27,1309
DA:29,1661
LF:13
LH:13
end_of_record
TN:
SF:/home/shnoo/Projects/uHLL/src/Generator/Module.cpp
FN:3,_Z24setWorkingModuleFromNodeRN9generator16GeneratorContextERK4Nodem
FNDA:156,_Z24setWorkingModuleFromNodeRN9generator16GeneratorContextERK4Nodem
FNF:1
FNH:1
DA:3,156
DA:7,294
DA:9,147
DA:10,147
DA:13,147
LF:5
LH:5
end_of_record
TN:
SF:/home/shnoo/Projects/uHLL/src/Generator/OperatorTokenToInstruction.cpp
FN:5,_Z21tokenToBinaryOperatorRKN9generator16GeneratorContextE5Token
FN:50,_Z22tokenToCompareOperatorRKN9generator16GeneratorContextE5Token
FNDA:2894,_Z21tokenToBinaryOperatorRKN9generator16GeneratorContextE5Token
FNDA:1412,_Z22tokenToCompareOperatorRKN9generator16GeneratorContextE5Token
FNF:2
FNH:2
DA:5,2894
DA:7,2894
DA:9,1351
DA:11,1351
DA:12,118
DA:14,118
DA:15,42
DA:16,42
DA:17,1221
DA:19,1221
DA:20,111
DA:22,111
DA:23,12
DA:24,12
DA:25,9
DA:26,9
DA:27,12
DA:29,12
DA:30,6
DA:32,6
DA:33,12
DA:35,12
DA:36,0
DA:44,0
DA:45,0
DA:46,0
DA:50,1412
DA:52,1412
DA:54,421
DA:55,421
DA:56,203
DA:57,203
DA:58,318
DA:59,318
DA:60,33
DA:61,33
DA:62,401
DA:63,401
DA:64,36
DA:65,36
DA:66,0
DA:67,0
LF:42
LH:36
end_of_record
TN:
SF:/home/shnoo/Projects/uHLL/src/Generator/PassParamTypeCheck.cpp
FN:5,_Z18passParamTypeCheckRKN9generator16GeneratorContextERK4UnitS5_RK5Token
FNDA:1460,_Z18passParamTypeCheckRKN9generator16GeneratorContextERK4UnitS5_RK5Token
FNF:1
FNH:1
DA:5,1460
DA:10,1460
DA:11,6
DA:13,1454
DA:14,18
DA:17,1448
DA:18,9
DA:20,1445
DA:21,24
DA:22,1433
LF:10
LH:10
end_of_record
TN:
SF:/home/shnoo/Projects/uHLL/src/Generator/Print.cpp
FN:5,_Z5printRN9generator16GeneratorContextERK4Node
FNDA:883,_Z5printRN9generator16GeneratorContextERK4Node
FNF:1
FNH:1
DA:5,883
DA:7,2648
DA:9,3596
DA:11,1798
DA:13,453
DA:17,2663
DA:19,1318
DA:20,18
DA:22,1312
DA:25,1765
DA:26,847
DA:28,850
LF:12
LH:12
end_of_record
TN:
SF:/home/shnoo/Projects/uHLL/src/Generator/Return.cpp
FN:8,_Z14functionReturnRN9generator16GeneratorContextERK4Node
FNDA:2181,_Z14functionReturnRN9generator16GeneratorContextERK4Node
FNF:1
FNH:1
DA:8,2181
DA:10,4362
DA:12,2181
DA:14,4350
DA:16,2175
DA:17,3
DA:19,2172
DA:20,9
DA:22,2163
DA:24,6
DA:25,9
DA:27,2175
DA:28,2175
LF:13
LH:13
end_of_record
TN:
SF:/home/shnoo/Projects/uHLL/src/Generator/ScopeTracker.cpp
FN:5,_ZN12ScopeTrackerC2Ev
FN:10,_ZN12ScopeTracker15getCurrentScopeEv
FN:15,_ZN12ScopeTracker11createScopeEv
FN:20,_ZN12ScopeTracker9exitScopeEv
FN:25,_ZN12ScopeTracker10resetScopeEv
FN:32,_ZN12ScopeTracker16isInCurrentScopeERK5Token
FN:38,_ZN12ScopeTracker17putInCurrentScopeERK5Token
FNDA:4604,_ZN12ScopeTracker17putInCurrentScopeERK5Token
FNDA:5064,_ZN12ScopeTracker10resetScopeEv
FNDA:2962,_ZN12ScopeTracker9exitScopeEv
FNDA:3925,_ZN12ScopeTracker16isInCurrentScopeERK5Token
FNDA:3199,_ZN12ScopeTracker11createScopeEv
FNDA:4604,_ZN12ScopeTracker15getCurrentScopeEv
FNDA:803,_ZN12ScopeTrackerC2Ev
FNF:7
FNH:7
DA:5,803
DA:7,803
DA:8,803
DA:10,4604
DA:12,4604
DA:15,3199
DA:17,3199
DA:18,3199
DA:20,2962
DA:22,2962
DA:23,2962
DA:25,5064
DA:27,5064
DA:28,5064
DA:29,5064
DA:30,5064
DA:32,3925
DA:34,3925
DA:35,3925
DA:38,4604
DA:40,4604
DA:41,4604
LF:22
LH:22
end_of_record
TN:
SF:/home/shnoo/Projects/uHLL/src/Generator/Statement.cpp
FN:13,_Z11ifStatementRN9generator16GeneratorContextERK4NodebRKN5icode7OperandES8_S8_
FN:50,_Z9whileLoopRN9generator16GeneratorContextERK4Node
FN:66,_Z11doWhileLoopRN9generator16GeneratorContextERK4Node
FN:82,_Z23forLoopInitOrUpdateNodeRN9generator16GeneratorContextERK4Node
FN:92,_Z7forLoopRN9generator16GeneratorContextERK4Node
FN:116,_Z11infniteLoopRN9generator16GeneratorContextERK4Node
FN:130,_Z17continueStatementRN9generator16GeneratorContextEbRKN5icode7OperandERK5Token
FN:141,_Z14breakStatementRN9generator16GeneratorContextEbRKN5icode7OperandERK5Token
FN:149,_Z9statementRN9generator16GeneratorContextERK4NodebRKN5icode7OperandES8_S8_
FN:215,_Z5blockRN9generator16GeneratorContextERK4NodebRKN5icode7OperandES8_S8_
FNDA:3199,_Z5blockRN9generator16GeneratorContextERK4NodebRKN5icode7OperandES8_S8_
FNDA:574,_Z23forLoopInitOrUpdateNodeRN9generator16GeneratorContextERK4Node
FNDA:7079,_Z9statementRN9generator16GeneratorContextERK4NodebRKN5icode7OperandES8_S8_
FNDA:18,_Z9whileLoopRN9generator16GeneratorContextERK4Node
FNDA:3,_Z11infniteLoopRN9generator16GeneratorContextERK4Node
FNDA:778,_Z11ifStatementRN9generator16GeneratorContextERK4NodebRKN5icode7OperandES8_S8_
FNDA:9,_Z14breakStatementRN9generator16GeneratorContextEbRKN5icode7OperandERK5Token
FNDA:9,_Z17continueStatementRN9generator16GeneratorContextEbRKN5icode7OperandERK5Token
FNDA:3,_Z11doWhileLoopRN9generator16GeneratorContextERK4Node
FNDA:287,_Z7forLoopRN9generator16GeneratorContextERK4Node
FNF:10
FNH:10
DA:13,778
DA:20,2334
DA:22,1577
DA:24,1622
DA:26,2433
DA:27,2433
DA:29,811
DA:31,784
DA:33,772
DA:35,772
DA:36,33
DA:38,772
DA:42,27
DA:46,766
DA:47,27
DA:48,766
DA:50,18
DA:52,54
DA:53,36
DA:55,18
DA:57,18
DA:59,18
DA:61,18
DA:63,18
DA:64,18
DA:66,3
DA:68,9
DA:69,6
DA:71,3
DA:73,3
DA:75,3
DA:77,3
DA:79,3
DA:80,3
DA:82,574
DA:84,574
DA:85,266
DA:86,308
DA:87,6
DA:89,302
DA:90,574
DA:92,287
DA:95,287
DA:97,861
DA:98,861
DA:99,574
DA:101,287
DA:103,287
DA:105,287
DA:107,287
DA:109,287
DA:111,287
DA:113,287
DA:114,287
DA:116,3
DA:118,9
DA:119,6
DA:121,3
DA:123,3
DA:125,3
DA:127,3
DA:128,3
DA:130,9
DA:135,9
DA:136,9
DA:138,6
DA:139,6
DA:141,9
DA:143,9
DA:144,9
DA:146,6
DA:147,6
DA:149,7079
DA:156,7079
DA:158,1494
DA:160,1494
DA:161,1395
DA:162,1147
DA:163,1147
DA:164,1099
DA:165,153
DA:166,153
DA:167,123
DA:168,96
DA:169,96
DA:170,96
DA:171,778
DA:172,778
DA:173,766
DA:174,18
DA:175,18
DA:176,18
DA:177,3
DA:178,3
DA:179,3
DA:180,287
DA:181,287
DA:182,287
DA:183,3
DA:184,3
DA:185,3
DA:186,9
DA:187,9
DA:188,6
DA:189,9
DA:190,9
DA:191,6
DA:192,2181
DA:193,2181
DA:194,2175
DA:195,883
DA:197,883
DA:198,850
DA:199,0
DA:200,0
DA:201,0
DA:202,18
DA:204,18
DA:205,18
DA:206,15
DA:207,15
DA:208,15
DA:210,0
DA:211,0
DA:213,6842
DA:215,3199
DA:222,3199
DA:224,10278
DA:225,7079
DA:227,2962
DA:228,2962
LF:131
LH:126
end_of_record
TN:
SF:/home/shnoo/Projects/uHLL/src/Generator/Structure.cpp
FN:7,_Z20createStructFromNodeRN9generator16GeneratorContextERK4Node
FNDA:217,_Z20createStructFromNodeRN9generator16GeneratorContextERK4Node
FNF:1
FNH:1
DA:7,217
DA:9,434
DA:11,434
DA:12,434
DA:14,633
DA:16,832
DA:18,832
DA:20,416
DA:21,416
DA:24,217
DA:25,211
LF:11
LH:11
end_of_record
TN:
SF:/home/shnoo/Projects/uHLL/src/Generator/TypeDescriptionFromNode.cpp
FN:9,_Z22arrayTypeFromSubscriptRK4NodeRKN5icode15TypeDescriptionEm
FN:24,_Z23typeDescriptionFromNodeRN9generator16GeneratorContextERK4Node
FNDA:231,_Z22arrayTypeFromSubscriptRK4NodeRKN5icode15TypeDescriptionEm
FNDA:7287,_Z23typeDescriptionFromNodeRN9generator16GeneratorContextERK4Node
FNF:2
FNH:2
DA:9,231
DA:11,462
DA:15,492
DA:17,261
DA:18,261
DA:21,462
DA:24,7287
DA:26,7287
DA:28,10134
DA:29,2847
DA:31,7287
DA:32,9
DA:34,7287
DA:35,494
DA:37,13586
DA:38,13583
DA:40,6790
DA:42,6790
DA:43,54
DA:45,6790
DA:46,39
DA:48,6790
DA:49,231
DA:51,6790
DA:53,6790
LF:25
LH:25
end_of_record
TN:
SF:/home/shnoo/Projects/uHLL/src/Generator/UnitFromIdentifier.cpp
FN:5,_Z15getUnitFromNodeRN9generator16GeneratorContextERK4Node
FN:18,_Z17unitFromStructVarRN9generator16GeneratorContextERK4NodeRK4Unitm
FN:42,_Z28unitFromExpressionSubscriptsRN9generator16GeneratorContextERK4NodeRK4Unitm
FN:77,_Z21getUnitFromIdentifierRN9generator16GeneratorContextERK4Node
FNDA:9998,_Z21getUnitFromIdentifierRN9generator16GeneratorContextERK4Node
FNDA:387,_Z28unitFromExpressionSubscriptsRN9generator16GeneratorContextERK4NodeRK4Unitm
FNDA:9998,_Z15getUnitFromNodeRN9generator16GeneratorContextERK4Node
FNDA:3441,_Z17unitFromStructVarRN9generator16GeneratorContextERK4NodeRK4Unitm
FNF:4
FNH:4
DA:5,9998
DA:7,19996
DA:9,9998
DA:11,9995
DA:12,3925
DA:13,9
DA:15,19984
DA:18,3441
DA:23,3441
DA:25,3441
DA:27,6882
DA:29,3441
DA:30,27
DA:32,3432
DA:33,9
DA:35,3429
DA:37,6855
DA:39,6852
DA:42,387
DA:47,387
DA:49,387
DA:50,27
DA:52,756
DA:54,768
DA:56,432
DA:58,432
DA:59,36
DA:61,792
DA:63,396
DA:65,396
DA:66,9
DA:68,393
DA:69,9
DA:72,744
DA:74,744
DA:77,9998
DA:79,9998
DA:81,13790
DA:83,3858
DA:85,3828
DA:87,3441
DA:88,3441
DA:89,3426
DA:90,387
DA:91,387
DA:92,372
DA:93,0
DA:94,0
DA:97,3798
DA:98,3798
DA:101,9962
LF:51
LH:49
end_of_record
TN:
SF:/home/shnoo/Projects/uHLL/src/Generator/Use.cpp
FN:3,_Z9createUseRN9generator16GeneratorContextERK4Node
FN:8,_Z10createFromRN9generator16GeneratorContextERK4Node
FNDA:99,_Z10createFromRN9generator16GeneratorContextERK4Node
FNDA:244,_Z9createUseRN9generator16GeneratorContextERK4Node
FNF:2
FNH:2
DA:3,244
DA:5,253
DA:6,235
DA:8,99
DA:10,99
DA:12,216
DA:13,117
DA:14,87
LF:8
LH:8
end_of_record
TN:
SF:/home/shnoo/Projects/uHLL/src/IntermediateRepresentation/DataType.cpp
FN:7,_ZN5icode15isSignedIntegerENS_8DataTypeE
FN:12,_ZN5icode17isUnsignedIntegerENS_8DataTypeE
FN:17,_ZN5icode9isIntegerENS_8DataTypeE
FN:22,_ZN5icode7isFloatENS_8DataTypeE
FN:27,_ZN5icode16dataTypeToStringB5cxx11ENS_8DataTypeE
FN:36,_ZN5icode16stringToDataTypeERKNSt7__cxx1112basic_stringIcSt11char_traitsIcESaIcEEE
FN:56,_ZN5icode15getDataTypeSizeENS_8DataTypeE
FN:62,_ZN5icode15dataTypeIsEqualENS_8DataTypeES0_
FNDA:15013,_ZN5icode16stringToDataTypeERKNSt7__cxx1112basic_stringIcSt11char_traitsIcESaIcEEE
FNDA:12415,_ZN5icode15getDataTypeSizeENS_8DataTypeE
FNDA:3384,_ZN5icode17isUnsignedIntegerENS_8DataTypeE
FNDA:9439,_ZN5icode9isIntegerENS_8DataTypeE
FNDA:9647,_ZN5icode15dataTypeIsEqualENS_8DataTypeES0_
FNDA:17156,_ZN5icode15isSignedIntegerENS_8DataTypeE
FNDA:3427,_ZN5icode7isFloatENS_8DataTypeE
FNDA:6135,_ZN5icode16dataTypeToStringB5cxx11ENS_8DataTypeE
FNF:8
FNH:8
DA:7,17156
DA:9,17156
DA:12,3384
DA:14,3384
DA:17,9439
DA:19,9439
DA:22,3427
DA:24,3427
DA:27,6135
DA:31,6135
DA:33,6135
DA:36,15013
DA:39,0
DA:40,0
DA:41,0
DA:42,0
DA:43,0
DA:44,0
DA:45,0
DA:46,0
DA:48,24101
DA:50,15013
DA:51,5361
DA:53,9652
DA:56,12415
DA:58,12415
DA:59,12415
DA:62,9647
DA:64,7677
DA:65,18209
DA:66,10532
LF:31
LH:23
end_of_record
TN:
SF:/home/shnoo/Projects/uHLL/src/IntermediateRepresentation/FunctionDescription.cpp
FN:7,_ZN5icode19FunctionDescription12symbolExistsERKNSt7__cxx1112basic_stringIcSt11char_traitsIcESaIcEEE
FN:12,_ZN5icode19FunctionDescription9getSymbolERKNSt7__cxx1112basic_stringIcSt11char_traitsIcESaIcEEERNS_15TypeDescriptionE
FN:17,_ZNK5icode19FunctionDescription13numParametersEv
FN:22,_ZNK5icode19FunctionDescription6isVoidEv
FNDA:3543,_ZNK5icode19FunctionDescription13numParametersEv
FNDA:10007,_ZN5icode19FunctionDescription9getSymbolERKNSt7__cxx1112basic_stringIcSt11char_traitsIcESaIcEEERNS_15TypeDescriptionE
FNDA:1757,_ZN5icode19FunctionDescription12symbolExistsERKNSt7__cxx1112basic_stringIcSt11char_traitsIcESaIcEEE
FNDA:332,_ZNK5icode19FunctionDescription6isVoidEv
FNF:4
FNH:4
DA:7,1757
DA:9,1757
DA:12,10007
DA:14,10007
DA:17,3543
DA:19,3543
DA:22,332
DA:24,332
LF:8
LH:8
end_of_record
TN:
SF:/home/shnoo/Projects/uHLL/src/IntermediateRepresentation/GetMapElement.hpp
FN:4,_Z13getMapElementINSt7__cxx1112basic_stringIcSt11char_traitsIcESaIcEEES5_EbRSt3mapIT_T0_St4lessIS7_ESaISt4pairIKS7_S8_EEERSC_RS8_
FN:4,_Z13getMapElementINSt7__cxx1112basic_stringIcSt11char_traitsIcESaIcEEEdEbRSt3mapIT_T0_St4lessIS7_ESaISt4pairIKS7_S8_EEERSC_RS8_
FN:4,_Z13getMapElementINSt7__cxx1112basic_stringIcSt11char_traitsIcESaIcEEEN5icode17StructDescriptionEEbRSt3mapIT_T0_St4lessIS9_ESaISt4pairIKS9_SA_EEERSE_RSA_
FN:4,_Z13getMapElementINSt7__cxx1112basic_stringIcSt11char_traitsIcESaIcEEElEbRSt3mapIT_T0_St4lessIS7_ESaISt4pairIKS7_S8_EEERSC_RS8_
FN:4,_Z13getMapElementINSt7__cxx1112basic_stringIcSt11char_traitsIcESaIcEEEN5icode19FunctionDescriptionEEbRSt3mapIT_T0_St4lessIS9_ESaISt4pairIKS9_SA_EEERSE_RSA_
FN:4,_Z13getMapElementINSt7__cxx1112basic_stringIcSt11char_traitsIcESaIcEEEN5icode15TypeDescriptionEEbRSt3mapIT_T0_St4lessIS9_ESaISt4pairIKS9_SA_EEERSE_RSA_
FN:4,_Z13getMapElementINSt7__cxx1112basic_stringIcSt11char_traitsIcESaIcEEEiEbRSt3mapIT_T0_St4lessIS7_ESaISt4pairIKS7_S8_EEERSC_RS8_
FNDA:485,_Z13getMapElementINSt7__cxx1112basic_stringIcSt11char_traitsIcESaIcEEElEbRSt3mapIT_T0_St4lessIS7_ESaISt4pairIKS7_S8_EEERSC_RS8_
FNDA:2864,_Z13getMapElementINSt7__cxx1112basic_stringIcSt11char_traitsIcESaIcEEEN5icode19FunctionDescriptionEEbRSt3mapIT_T0_St4lessIS9_ESaISt4pairIKS9_SA_EEERSE_RSA_
FNDA:880,_Z13getMapElementINSt7__cxx1112basic_stringIcSt11char_traitsIcESaIcEEEiEbRSt3mapIT_T0_St4lessIS7_ESaISt4pairIKS7_S8_EEERSC_RS8_
FNDA:13912,_Z13getMapElementINSt7__cxx1112basic_stringIcSt11char_traitsIcESaIcEEEN5icode15TypeDescriptionEEbRSt3mapIT_T0_St4lessIS9_ESaISt4pairIKS9_SA_EEERSE_RSA_
FNDA:336,_Z13getMapElementINSt7__cxx1112basic_stringIcSt11char_traitsIcESaIcEEES5_EbRSt3mapIT_T0_St4lessIS7_ESaISt4pairIKS7_S8_EEERSC_RS8_
FNDA:96,_Z13getMapElementINSt7__cxx1112basic_stringIcSt11char_traitsIcESaIcEEEdEbRSt3mapIT_T0_St4lessIS7_ESaISt4pairIKS7_S8_EEERSC_RS8_
FNDA:2015,_Z13getMapElementINSt7__cxx1112basic_stringIcSt11char_traitsIcESaIcEEEN5icode17StructDescriptionEEbRSt3mapIT_T0_St4lessIS9_ESaISt4pairIKS9_SA_EEERSE_RSA_
FNF:7
FNH:7
DA:4,20588
DA:6,20588
DA:8,20588
DA:9,3066
DA:11,17522
DA:12,17522
LF:6
LH:6
end_of_record
TN:
SF:/home/shnoo/Projects/uHLL/src/IntermediateRepresentation/ModuleDescription.cpp
FN:10,_ZN5icode17ModuleDescription16initializeTargetERKNS_11TargetEnumsE
FN:19,_ZN5icode17ModuleDescription22getModuleNameFromAliasERKNSt7__cxx1112basic_stringIcSt11char_traitsIcESaIcEEERS6_
FN:24,_ZN5icode17ModuleDescription9getStructERKNSt7__cxx1112basic_stringIcSt11char_traitsIcESaIcEEERNS_17StructDescriptionE
FN:29,_ZN5icode17ModuleDescription11getFunctionERKNSt7__cxx1112basic_stringIcSt11char_traitsIcESaIcEEERNS_19FunctionDescriptionE
FN:34,_ZN5icode17ModuleDescription17getExternFunctionERKNSt7__cxx1112basic_stringIcSt11char_traitsIcESaIcEEERNS_19FunctionDescriptionE
FN:39,_ZN5icode17ModuleDescription7getEnumERKNSt7__cxx1112basic_stringIcSt11char_traitsIcESaIcEEERi
FN:44,_ZN5icode17ModuleDescription12getIntDefineERKNSt7__cxx1112basic_stringIcSt11char_traitsIcESaIcEEERl
FN:49,_ZN5icode17ModuleDescription14getFloatDefineERKNSt7__cxx1112basic_stringIcSt11char_traitsIcESaIcEEERd
FN:54,_ZN5icode17ModuleDescription15getStringDefineERKNSt7__cxx1112basic_stringIcSt11char_traitsIcESaIcEEERS6_
FN:59,_ZN5icode17ModuleDescription9getGlobalERKNSt7__cxx1112basic_stringIcSt11char_traitsIcESaIcEEERNS_15TypeDescriptionE
FN:64,_ZN5icode17ModuleDescription9useExistsERKNSt7__cxx1112basic_stringIcSt11char_traitsIcESaIcEEE
FN:69,_ZN5icode17ModuleDescription11aliasExistsERKNSt7__cxx1112basic_stringIcSt11char_traitsIcESaIcEEE
FN:74,_ZN5icode17ModuleDescription12symbolExistsERKNSt7__cxx1112basic_stringIcSt11char_traitsIcESaIcEEE
FNDA:476,_ZN5icode17ModuleDescription9getGlobalERKNSt7__cxx1112basic_stringIcSt11char_traitsIcESaIcEEERNS_15TypeDescriptionE
FNDA:253,_ZN5icode17ModuleDescription11aliasExistsERKNSt7__cxx1112basic_stringIcSt11char_traitsIcESaIcEEE
FNDA:282,_ZN5icode17ModuleDescription22getModuleNameFromAliasERKNSt7__cxx1112basic_stringIcSt11char_traitsIcESaIcEEERS6_
FNDA:803,_ZN5icode17ModuleDescription16initializeTargetERKNS_11TargetEnumsE
FNDA:1640,_ZN5icode17ModuleDescription11getFunctionERKNSt7__cxx1112basic_stringIcSt11char_traitsIcESaIcEEERNS_19FunctionDescriptionE
FNDA:2015,_ZN5icode17ModuleDescription9getStructERKNSt7__cxx1112basic_stringIcSt11char_traitsIcESaIcEEERNS_17StructDescriptionE
FNDA:96,_ZN5icode17ModuleDescription14getFloatDefineERKNSt7__cxx1112basic_stringIcSt11char_traitsIcESaIcEEERd
FNDA:241,_ZN5icode17ModuleDescription9useExistsERKNSt7__cxx1112basic_stringIcSt11char_traitsIcESaIcEEE
FNDA:880,_ZN5icode17ModuleDescription7getEnumERKNSt7__cxx1112basic_stringIcSt11char_traitsIcESaIcEEERi
FNDA:1224,_ZN5icode17ModuleDescription17getExternFunctionERKNSt7__cxx1112basic_stringIcSt11char_traitsIcESaIcEEERNS_19FunctionDescriptionE
FNDA:7751,_ZN5icode17ModuleDescription12symbolExistsERKNSt7__cxx1112basic_stringIcSt11char_traitsIcESaIcEEE
FNDA:54,_ZN5icode17ModuleDescription15getStringDefineERKNSt7__cxx1112basic_stringIcSt11char_traitsIcESaIcEEERS6_
FNDA:485,_ZN5icode17ModuleDescription12getIntDefineERKNSt7__cxx1112basic_stringIcSt11char_traitsIcESaIcEEERl
FNF:13
FNH:13
DA:10,803
DA:12,803
DA:14,2409
DA:16,2409
DA:17,803
DA:19,282
DA:21,282
DA:24,2015
DA:26,2015
DA:29,1640
DA:31,1640
DA:34,1224
DA:36,1224
DA:39,880
DA:41,880
DA:44,485
DA:46,485
DA:49,96
DA:51,96
DA:54,54
DA:56,54
DA:59,476
DA:61,476
DA:64,241
DA:66,241
DA:69,253
DA:71,253
DA:74,7751
DA:76,15499
DA:77,15487
DA:78,23223
DA:79,30977
DA:80,15490
LF:33
LH:33
end_of_record
TN:
SF:/home/shnoo/Projects/uHLL/src/IntermediateRepresentation/Operand.cpp
FN:5,_ZN5icode7OperandC2Ev
FN:11,_ZNK5icode7Operand9isPointerEv
FN:17,_ZNK5icode7Operand12isNotPointerEv
FN:23,_ZNK5icode7Operand13isUserPointerEv
FN:28,_ZNK5icode7Operand27isValidForPointerAssignmentEv
FNDA:226736,_ZN5icode7OperandC2Ev
FNDA:40277,_ZNK5icode7Operand12isNotPointerEv
FNDA:47224,_ZNK5icode7Operand9isPointerEv
FNDA:57,_ZNK5icode7Operand13isUserPointerEv
FNDA:66,_ZNK5icode7Operand27isValidForPointerAssignmentEv
FNF:5
FNH:5
DA:5,226736
DA:7,226736
DA:8,226736
DA:9,226736
DA:10,226736
DA:11,47224
DA:13,47071
DA:14,94295
DA:17,40277
DA:19,19480
DA:20,59757
DA:23,57
DA:25,57
DA:28,66
DA:30,42
DA:31,108
LF:16
LH:16
end_of_record
TN:
SF:/home/shnoo/Projects/uHLL/src/IntermediateRepresentation/StructDescription.cpp
FN:7,_ZNK5icode17StructDescription11fieldExistsERKNSt7__cxx1112basic_stringIcSt11char_traitsIcESaIcEEE
FN:12,_ZN5icode17StructDescription8getFieldERKNSt7__cxx1112basic_stringIcSt11char_traitsIcESaIcEEERNS_15TypeDescriptionE
FN:17,_ZNK5icode17StructDescription21getFirstFieldDataTypeEv
FNDA:416,_ZNK5icode17StructDescription11fieldExistsERKNSt7__cxx1112basic_stringIcSt11char_traitsIcESaIcEEE
FNDA:5348,_ZNK5icode17StructDescription21getFirstFieldDataTypeEv
FNDA:3429,_ZN5icode17StructDescription8getFieldERKNSt7__cxx1112basic_stringIcSt11char_traitsIcESaIcEEERNS_15TypeDescriptionE
FNF:3
FNH:3
DA:7,416
DA:9,416
DA:12,3429
DA:14,3429
DA:17,5348
DA:19,5348
DA:20,9
DA:22,5339
LF:8
LH:8
end_of_record
TN:
SF:/home/shnoo/Projects/uHLL/src/IntermediateRepresentation/TypeDescription.cpp
FN:5,_ZN5icode15TypeDescriptionC2Ev
FN:10,_ZN5icode15TypeDescription11setPropertyENS_14TypePropertiesE
FN:15,_ZNK5icode15TypeDescription13checkPropertyENS_14TypePropertiesE
FN:20,_ZN5icode15TypeDescription13becomeMutableEv
FN:25,_ZN5icode15TypeDescription13becomePointerEv
FN:30,_ZN5icode15TypeDescription18becomeArrayPointerEv
FN:36,_ZN5icode15TypeDescription12becomeStringEv
FN:41,_ZNK5icode15TypeDescription9isMutableEv
FN:46,_ZNK5icode15TypeDescription19isPassedByReferenceEv
FN:51,_ZNK5icode15TypeDescription9isPointerEv
FN:56,_ZNK5icode15TypeDescription19isMutableAndPointerEv
FN:61,_ZNK5icode15TypeDescription18isMutableOrPointerEv
FN:66,_ZNK5icode15TypeDescription8isStructEv
FN:71,_ZNK5icode15TypeDescription7isArrayEv
FN:76,_ZNK5icode15TypeDescription15isStructOrArrayEv
FN:81,_ZNK5icode15TypeDescription28isStructOrArrayAndNotPointerEv
FN:86,_ZNK5icode15TypeDescription15isMultiDimArrayEv
FN:91,_ZNK5icode15TypeDescription13isIntegerTypeEv
FN:96,_ZNK5icode15TypeDescription11isFloatTypeEv
FN:101,_ZNK5icode15TypeDescription12isStringLtrlEv
FNDA:48,_ZN5icode15TypeDescription18becomeArrayPointerEv
FNDA:37179,_ZNK5icode15TypeDescription8isStructEv
FNDA:2713,_ZN5icode15TypeDescription13becomeMutableEv
FNDA:7958,_ZN5icode15TypeDescription11setPropertyENS_14TypePropertiesE
FNDA:63,_ZN5icode15TypeDescription13becomePointerEv
FNDA:12970,_ZNK5icode15TypeDescription15isStructOrArrayEv
FNDA:40847,_ZNK5icode15TypeDescription9isPointerEv
FNDA:24,_ZNK5icode15TypeDescription11isFloatTypeEv
FNDA:4628,_ZNK5icode15TypeDescription19isMutableAndPointerEv
FNDA:141,_ZNK5icode15TypeDescription12isStringLtrlEv
FNDA:653,_ZNK5icode15TypeDescription13isIntegerTypeEv
FNDA:4527,_ZNK5icode15TypeDescription28isStructOrArrayAndNotPointerEv
FNDA:83062,_ZN5icode15TypeDescriptionC2Ev
FNDA:6917,_ZNK5icode15TypeDescription19isPassedByReferenceEv
FNDA:1315,_ZNK5icode15TypeDescription15isMultiDimArrayEv
FNDA:1427,_ZNK5icode15TypeDescription18isMutableOrPointerEv
FNDA:12301,_ZNK5icode15TypeDescription9isMutableEv
FNDA:32840,_ZNK5icode15TypeDescription7isArrayEv
FNDA:530,_ZN5icode15TypeDescription12becomeStringEv
FNDA:108656,_ZNK5icode15TypeDescription13checkPropertyENS_14TypePropertiesE
FNF:20
FNH:20
DA:5,83062
DA:7,83062
DA:8,83062
DA:10,7958
DA:12,7958
DA:13,7958
DA:15,108656
DA:17,108656
DA:20,2713
DA:22,2713
DA:23,2713
DA:25,63
DA:27,63
DA:28,63
DA:30,48
DA:32,48
DA:33,48
DA:34,48
DA:36,530
DA:38,530
DA:39,530
DA:41,12301
DA:43,12301
DA:46,6917
DA:48,6917
DA:51,40847
DA:53,40847
DA:56,4628
DA:58,4628
DA:61,1427
DA:63,1427
DA:66,37179
DA:68,37179
DA:71,32840
DA:73,32840
DA:76,12970
DA:78,12970
DA:81,4527
DA:83,4527
DA:86,1315
DA:88,1315
DA:91,653
DA:93,653
DA:96,24
DA:98,24
DA:101,141
DA:103,141
LF:47
LH:47
end_of_record
TN:
SF:/home/shnoo/Projects/uHLL/src/Lexer/Lexer.cpp
FN:11,_ZN5lexer8readLineERSt14basic_ifstreamIcSt11char_traitsIcEERNSt7__cxx1112basic_stringIcS2_SaIcEEE
FN:24,_ZN5lexer5LexerC2ERSt14basic_ifstreamIcSt11char_traitsIcEER7Console
FN:32,_ZN5lexer5Lexer7consumeERSt14basic_ifstreamIcSt11char_traitsIcEE
FN:46,_ZN5lexer5Lexer29consumePunctuatorOrStringLtrlERKNSt7__cxx1112basic_stringIcSt11char_traitsIcESaIcEEEii
FN:232,_ZN5lexer5Lexer19typeFromStringMatchERKNSt7__cxx1112basic_stringIcSt11char_traitsIcESaIcEEE
FN:286,_ZN5lexer5Lexer30pushPrecedingTokenIfIdentifierERNSt7__cxx1112basic_stringIcSt11char_traitsIcESaIcEEEimm
FN:304,_ZN5lexer5Lexer18pushPrecedingTokenERNSt7__cxx1112basic_stringIcSt11char_traitsIcESaIcEEEimm
FN:315,_ZN5lexer5Lexer11consumeLineERNSt7__cxx1112basic_stringIcSt11char_traitsIcESaIcEEEi
FN:373,_ZN5lexer5Lexer8getTokenER5Token
FN:384,_ZN5lexer5Lexer9peekTokenEv
FN:390,_ZN5lexer5Lexer15doublePeekTokenEv
FNDA:24318,_ZN5lexer8readLineERSt14basic_ifstreamIcSt11char_traitsIcEERNSt7__cxx1112basic_stringIcS2_SaIcEEE
FNDA:827,_ZN5lexer5LexerC2ERSt14basic_ifstreamIcSt11char_traitsIcEER7Console
FNDA:70978,_ZN5lexer5Lexer9peekTokenEv
FNDA:23494,_ZN5lexer5Lexer11consumeLineERNSt7__cxx1112basic_stringIcSt11char_traitsIcESaIcEEEi
FNDA:827,_ZN5lexer5Lexer7consumeERSt14basic_ifstreamIcSt11char_traitsIcEE
FNDA:40821,_ZN5lexer5Lexer19typeFromStringMatchERKNSt7__cxx1112basic_stringIcSt11char_traitsIcESaIcEEE
FNDA:3786,_ZN5lexer5Lexer15doublePeekTokenEv
FNDA:4275,_ZN5lexer5Lexer30pushPrecedingTokenIfIdentifierERNSt7__cxx1112basic_stringIcSt11char_traitsIcESaIcEEEimm
FNDA:57830,_ZN5lexer5Lexer18pushPrecedingTokenERNSt7__cxx1112basic_stringIcSt11char_traitsIcESaIcEEEimm
FNDA:85691,_ZN5lexer5Lexer8getTokenER5Token
FNDA:203920,_ZN5lexer5Lexer29consumePunctuatorOrStringLtrlERKNSt7__cxx1112basic_stringIcSt11char_traitsIcESaIcEEEii
FNF:11
FNH:11
DA:11,24318
DA:15,24318
DA:16,23494
DA:18,824
DA:20,824
DA:24,827
DA:25,833
DA:27,827
DA:28,827
DA:29,824
DA:30,824
DA:32,827
DA:34,830
DA:35,827
DA:37,24318
DA:39,23494
DA:40,23494
DA:43,824
DA:44,824
DA:46,203920
DA:48,203920
DA:50,5885
DA:51,5885
DA:52,5885
DA:53,5885
DA:54,2541
DA:55,2541
DA:56,2538
DA:57,2538
DA:58,5218
DA:59,5218
DA:61,147
DA:62,147
DA:63,5071
DA:64,5071
DA:66,2609
DA:67,2609
DA:68,114
DA:69,114
DA:70,3
DA:71,111
DA:72,42
DA:73,69
DA:74,60
DA:76,9
DA:77,442
DA:78,442
DA:79,2630
DA:80,2630
DA:82,401
DA:83,401
DA:84,2229
DA:85,2229
DA:87,39
DA:88,39
DA:90,36
DA:91,36
DA:92,3
DA:93,3
DA:96,6
DA:97,6
DA:98,903
DA:99,903
DA:100,9
DA:101,894
DA:102,39
DA:104,855
DA:105,855
DA:106,855
DA:107,1233
DA:108,1233
DA:110,429
DA:111,429
DA:112,804
DA:113,804
DA:116,2111
DA:117,2111
DA:119,18
DA:120,18
DA:121,1809
DA:122,1809
DA:123,284
DA:124,284
DA:127,18
DA:128,18
DA:130,6
DA:131,6
DA:132,12
DA:133,12
DA:136,6
DA:137,6
DA:139,3
DA:140,3
DA:141,3
DA:142,3
DA:145,681
DA:146,681
DA:148,9
DA:149,9
DA:150,203
DA:151,203
DA:152,48
DA:153,48
DA:154,421
DA:155,421
DA:158,363
DA:159,363
DA:161,12
DA:162,12
DA:163,33
DA:164,33
DA:165,318
DA:166,318
DA:169,1411
DA:170,1411
DA:172,94
DA:173,94
DA:174,6
DA:175,6
DA:176,1311
DA:177,1311
DA:180,118
DA:181,118
DA:183,3
DA:184,3
DA:185,115
DA:186,115
DA:189,42
DA:190,42
DA:191,12
DA:192,12
DA:194,3
DA:195,3
DA:196,9
DA:197,9
DA:200,583
DA:201,583
DA:202,4275
DA:203,4275
DA:204,795
DA:207,795
DA:208,795
DA:211,801
DA:213,801
DA:214,6
DA:216,798
DA:217,792
DA:219,6
DA:222,792
DA:224,20795
DA:226,20795
DA:227,141812
DA:228,141812
DA:232,40821
DA:235,0
DA:236,0
DA:237,0
DA:238,0
DA:239,0
DA:240,0
DA:241,0
DA:242,0
DA:243,0
DA:244,0
DA:245,0
DA:246,0
DA:247,0
DA:248,0
DA:249,0
DA:250,0
DA:251,0
DA:252,0
DA:253,0
DA:254,0
DA:255,0
DA:256,0
DA:257,0
DA:258,0
DA:259,0
DA:260,0
DA:261,0
DA:262,0
DA:263,0
DA:264,0
DA:265,58941
DA:267,40821
DA:269,40821
DA:270,10071
DA:272,30750
DA:273,3423
DA:274,27327
DA:275,21
DA:276,27306
DA:277,6
DA:278,27300
DA:279,657
DA:280,26643
DA:281,26643
DA:283,0
DA:286,4275
DA:290,4275
DA:291,54
DA:293,8442
DA:295,4221
DA:297,3564
DA:298,3564
DA:301,657
DA:304,57830
DA:306,57830
DA:307,17009
DA:309,40821
DA:310,40821
DA:312,40821
DA:315,23494
DA:317,23494
DA:319,23494
DA:320,23494
DA:322,353988
DA:324,333905
DA:325,3408
DA:327,330497
DA:329,65126
DA:330,126577
DA:333,265371
DA:335,61451
DA:336,61451
DA:337,61451
DA:340,203920
DA:343,203917
DA:344,203917
DA:346,203917
DA:349,4275
DA:351,3618
DA:352,7236
DA:353,3618
DA:356,199642
DA:359,57830
DA:362,57830
DA:363,37035
DA:364,74070
DA:366,57830
DA:369,203917
DA:371,23491
DA:373,85691
DA:377,85691
DA:378,0
DA:380,85691
DA:381,85691
DA:384,70978
DA:387,70978
DA:390,3786
DA:392,3786
LF:252
LH:220
end_of_record
TN:
SF:/home/shnoo/Projects/uHLL/src/Node/Node.cpp
FN:5,_ZN4NodeC2EN4node8NodeTypeE5Token
FN:11,_ZN4NodeC2EN4node8NodeTypeE
FN:17,_ZNK4Node10isNthChildEN4node8NodeTypeEm
FN:26,_ZNK4Node18isNthChildFromLastEN4node8NodeTypeEm
FN:37,_ZNK4Node16getNthChildTokenEm
FN:42,_ZNK4Node24getNthChildTokenFromLastEm
FN:47,_ZNK4Node23isConditionalExpressionEv
FNDA:61789,_ZNK4Node23isConditionalExpressionEv
FNDA:0,_ZNK4Node18isNthChildFromLastEN4node8NodeTypeEm
FNDA:28496,_ZNK4Node16getNthChildTokenEm
FNDA:53311,_ZNK4Node10isNthChildEN4node8NodeTypeEm
FNDA:824,_ZN4NodeC2EN4node8NodeTypeE
FNDA:2782,_ZNK4Node24getNthChildTokenFromLastEm
FNDA:100608,_ZN4NodeC2EN4node8NodeTypeE5Token
FNF:7
FNH:6
DA:5,100608
DA:7,100608
DA:8,100608
DA:9,100608
DA:11,824
DA:13,824
DA:14,824
DA:15,824
DA:17,53311
DA:19,53311
DA:20,42184
DA:21,10381
DA:23,42930
DA:26,0
DA:28,0
DA:30,0
DA:31,0
DA:32,0
DA:34,0
DA:37,28496
DA:39,28496
DA:42,2782
DA:44,2782
DA:47,61789
DA:49,61789
DA:50,6
DA:52,61783
DA:53,24050
DA:55,37733
DA:57,13680
DA:58,10553
DA:60,3127
DA:63,24053
LF:33
LH:27
end_of_record
TN:
SF:/home/shnoo/Projects/uHLL/src/Parser/Declaration.cpp
FN:5,_Z21identifierDeclerationRN6parser13ParserContextE
FN:15,_Z33identifierDeclarationOptionalInitRN6parser13ParserContextE
FN:27,_Z33identifierDeclareListOptionalInitRN6parser13ParserContextEb
FN:53,_Z33identifierDeclarationRequiredInitRN6parser13ParserContextE
FN:65,_Z33identifierDeclareListRequiredInitRN6parser13ParserContextE
FNDA:39,_Z33identifierDeclareListRequiredInitRN6parser13ParserContextE
FNDA:39,_Z33identifierDeclarationRequiredInitRN6parser13ParserContextE
FNDA:5062,_Z21identifierDeclerationRN6parser13ParserContextE
FNDA:1748,_Z33identifierDeclarationOptionalInitRN6parser13ParserContextE
FNDA:1890,_Z33identifierDeclareListOptionalInitRN6parser13ParserContextEb
FNF:5
FNH:5
DA:5,5062
DA:7,5062
DA:9,5062
DA:10,5062
DA:12,5062
DA:13,5062
DA:15,1748
DA:17,1748
DA:18,1748
DA:20,1748
DA:22,1339
DA:23,1339
DA:25,1739
DA:27,1890
DA:31,1890
DA:33,1890
DA:35,286
DA:37,2176
DA:39,2176
DA:41,2176
DA:43,2176
DA:44,1748
DA:46,428
DA:48,2167
DA:50,2167
DA:51,1881
DA:53,39
DA:55,39
DA:56,39
DA:58,39
DA:59,39
DA:60,36
DA:62,36
DA:63,36
DA:65,39
DA:69,39
DA:71,39
DA:73,0
DA:75,39
DA:77,39
DA:79,39
DA:81,39
DA:83,36
DA:85,36
DA:86,36
LF:45
LH:44
end_of_record
TN:
SF:/home/shnoo/Projects/uHLL/src/Parser/Define.cpp
FN:5,_Z3defRN6parser13ParserContextE
FNDA:139,_Z3defRN6parser13ParserContextE
FNF:1
FNH:1
DA:5,139
DA:7,139
DA:9,139
DA:11,139
DA:12,139
DA:14,139
DA:15,12
DA:17,127
DA:19,139
DA:20,139
LF:10
LH:10
end_of_record
TN:
SF:/home/shnoo/Projects/uHLL/src/Parser/Enum.cpp
FN:3,_Z8enumListRN6parser13ParserContextE
FNDA:27,_Z8enumListRN6parser13ParserContextE
FNF:1
FNH:1
DA:3,27
DA:5,27
DA:7,27
DA:9,27
DA:11,36
DA:13,63
DA:14,63
DA:15,63
DA:17,63
DA:19,27
DA:20,27
DA:22,27
DA:23,27
LF:13
LH:13
end_of_record
TN:
SF:/home/shnoo/Projects/uHLL/src/Parser/Expression.cpp
FN:5,_Z23identifierWithSubscriptRN6parser13ParserContextEb
FN:30,_Z25identifierWithPointerStarRN6parser13ParserContextE
FN:37,_Z28identifierWithEmptySubscriptRN6parser13ParserContextE
FN:44,_Z35identifierWithQualidentAndSubscriptRN6parser13ParserContextE
FN:62,_Z15moduleQualidentRN6parser13ParserContextE
FN:72,_Z14typeDefinitionRN6parser13ParserContextE
FN:86,_Z19actualParameterListRN6parser13ParserContextE
FN:106,_Z12functionCallRN6parser13ParserContextE
FN:117,_Z10methodCallRN6parser13ParserContextE
FN:136,_Z13sizeofBuiltInRN6parser13ParserContextE
FN:156,_Z15initializerListRN6parser13ParserContextE
FN:176,_Z4termRN6parser13ParserContextE
[...]
FN:33,_Z8lessThanRK13ModuleContextPN4llvm5ValueES4_N5icode8DataTypeE
FN:49,_Z17lessThanOrEqualToRK13ModuleContextPN4llvm5ValueES4_N5icode8DataTypeE
FN:65,_Z11greaterThanRK13ModuleContextPN4llvm5ValueES4_N5icode8DataTypeE
FN:81,_Z20greaterThanOrEqualToRK13ModuleContextPN4llvm5ValueES4_N5icode8DataTypeE
FN:97,_Z23getCompareOperatorValueR13ModuleContextRKN5icode5EntryE
FN:122,_Z15compareOperatorR13ModuleContextR13BranchContextRKN5icode5EntryE
FNDA:868,_Z23getCompareOperatorValueR13ModuleContextRKN5icode5EntryE
FNDA:245,_Z5equalRK13ModuleContextPN4llvm5ValueES4_N5icode8DataTypeE
FNDA:868,_Z15compareOperatorR13ModuleContextR13BranchContextRKN5icode5EntryE
FNDA:215,_Z11greaterThanRK13ModuleContextPN4llvm5ValueES4_N5icode8DataTypeE
FNDA:25,_Z8notEqualRK13ModuleContextPN4llvm5ValueES4_N5icode8DataTypeE
FNDA:241,_Z8lessThanRK13ModuleContextPN4llvm5ValueES4_N5icode8DataTypeE
FNDA:118,_Z17lessThanOrEqualToRK13ModuleContextPN4llvm5ValueES4_N5icode8DataTypeE
FNDA:24,_Z20greaterThanOrEqualToRK13ModuleContextPN4llvm5ValueES4_N5icode8DataTypeE
FNF:8
FNH:8
DA:7,245
DA:11,245
DA:12,239
DA:14,6
DA:15,6
DA:17,0
DA:20,25
DA:24,25
DA:25,19
DA:27,6
DA:28,6
DA:30,0
DA:33,241
DA:37,241
DA:38,162
DA:40,79
DA:41,4
DA:43,75
DA:44,75
DA:46,0
DA:49,118
DA:53,118
DA:54,108
DA:56,10
DA:57,4
DA:59,6
DA:60,6
DA:62,0
DA:65,215
DA:69,215
DA:70,114
DA:72,101
DA:73,4
DA:75,97
DA:76,97
DA:78,0
DA:81,24
DA:85,24
DA:86,14
DA:88,10
DA:89,4
DA:91,6
DA:92,6
DA:94,0
DA:97,868
DA:99,868
DA:100,868
DA:101,868
DA:103,868
DA:105,245
DA:106,245
DA:107,25
DA:108,25
DA:109,241
DA:110,241
DA:111,118
DA:112,118
DA:113,215
DA:114,215
DA:115,24
DA:116,24
DA:117,0
DA:118,0
DA:122,868
DA:125,868
DA:126,868
LF:66
LH:58
end_of_record
TN:
SF:/home/shnoo/Projects/uHLL/src/Translator/CreateSymbol.cpp
FN:8,_Z18createGlobalSymbolR13ModuleContextRKN5icode15TypeDescriptionERKNSt7__cxx1112basic_stringIcSt11char_traitsIcESaIcEEE
FN:20,_Z18createGlobalStringR13ModuleContextRKNSt7__cxx1112basic_stringIcSt11char_traitsIcESaIcEEES8_
FN:35,_Z24createExternGlobalStringR13ModuleContextRKNSt7__cxx1112basic_stringIcSt11char_traitsIcESaIcEEE
FN:51,_Z23createFunctionParameterR13ModuleContextRKN5icode15TypeDescriptionERKNSt7__cxx1112basic_stringIcSt11char_traitsIcESaIcEEEPN4llvm5ValueE
FN:77,_Z17createLocalSymbolR13ModuleContextRKN5icode15TypeDescriptionERKNSt7__cxx1112basic_stringIcSt11char_traitsIcESaIcEEE
FNDA:317,_Z18createGlobalStringR13ModuleContextRKNSt7__cxx1112basic_stringIcSt11char_traitsIcESaIcEEES8_
FNDA:9,_Z24createExternGlobalStringR13ModuleContextRKNSt7__cxx1112basic_stringIcSt11char_traitsIcESaIcEEE
FNDA:9,_Z18createGlobalSymbolR13ModuleContextRKN5icode15TypeDescriptionERKNSt7__cxx1112basic_stringIcSt11char_traitsIcESaIcEEE
FNDA:1031,_Z17createLocalSymbolR13ModuleContextRKN5icode15TypeDescriptionERKNSt7__cxx1112basic_stringIcSt11char_traitsIcESaIcEEE
FNDA:1407,_Z23createFunctionParameterR13ModuleContextRKN5icode15TypeDescriptionERKNSt7__cxx1112basic_stringIcSt11char_traitsIcESaIcEEEPN4llvm5ValueE
FNF:5
FNH:5
DA:8,9
DA:10,9
DA:13,9
DA:15,9
DA:17,9
DA:18,9
DA:20,317
DA:23,317
DA:25,317
DA:26,317
DA:30,317
DA:32,317
DA:33,317
DA:35,9
DA:37,9
DA:38,9
DA:46,9
DA:47,9
DA:48,9
DA:51,1407
DA:56,1407
DA:58,668
DA:63,739
DA:65,739
DA:69,739
DA:70,6
DA:72,739
DA:73,739
DA:75,1407
DA:77,1031
DA:79,2062
DA:80,1031
DA:81,1031
LF:33
LH:33
end_of_record
TN:
SF:/home/shnoo/Projects/uHLL/src/Translator/FormatStringsContext.cpp
FN:5,_Z25setupFormatStringsContextRK13ModuleContextR20FormatStringsContext
FN:36,_Z33getFromatStringFromDataTypePrintfRK20FormatStringsContextN5icode8DataTypeE
FN:41,_Z32getFromatStringFromDataTypeScanfRK20FormatStringsContextN5icode8DataTypeE
FN:49,_Z29getFormatStringForStringInputRK13ModuleContexti
FNDA:0,_Z29getFormatStringForStringInputRK13ModuleContexti
FNDA:686,_Z33getFromatStringFromDataTypePrintfRK20FormatStringsContextN5icode8DataTypeE
FNDA:387,_Z25setupFormatStringsContextRK13ModuleContextR20FormatStringsContext
FNDA:0,_Z32getFromatStringFromDataTypeScanfRK20FormatStringsContextN5icode8DataTypeE
FNF:4
FNH:2
DA:5,387
DA:9,0
DA:10,387
DA:11,387
DA:12,387
DA:13,387
DA:14,387
DA:15,387
DA:16,387
DA:17,387
DA:18,387
DA:19,387
DA:20,387
DA:22,0
DA:23,387
DA:25,0
DA:26,387
DA:28,387
DA:29,387
DA:31,387
DA:33,387
DA:34,387
DA:36,686
DA:38,686
DA:41,0
DA:43,0
DA:44,0
DA:46,0
DA:49,0
DA:51,0
DA:53,0
DA:54,0
DA:56,0
DA:58,0
LF:34
LH:21
end_of_record
TN:
SF:/home/shnoo/Projects/uHLL/src/Translator/FunctionCall.cpp
FN:8,_Z9pushParamR13ModuleContextRKN5icode5EntryEPN4llvm5ValueE
FN:15,_Z23createCalleeReturnValueRK13ModuleContextRKN5icode15TypeDescriptionE
FN:23,_Z4callR13ModuleContextRKN5icode5EntryE
FN:56,_Z3retRK13ModuleContextRKN5icode15TypeDescriptionE
FN:64,_Z4passR13ModuleContextRKN5icode5EntryE
FN:69,_Z11passAddressR13ModuleContextRKN5icode5EntryE
FN:74,_Z11passPointerR13ModuleContextRKN5icode5EntryE
FNDA:1438,_Z3retRK13ModuleContextRKN5icode15TypeDescriptionE
FNDA:815,_Z23createCalleeReturnValueRK13ModuleContextRKN5icode15TypeDescriptionE
FNDA:452,_Z11passAddressR13ModuleContextRKN5icode5EntryE
FNDA:3,_Z11passPointerR13ModuleContextRKN5icode5EntryE
FNDA:815,_Z4callR13ModuleContextRKN5icode5EntryE
FNDA:1438,_Z9pushParamR13ModuleContextRKN5icode5EntryEPN4llvm5ValueE
FNDA:769,_Z4passR13ModuleContextRKN5icode5EntryE
FNF:7
FNH:7
DA:8,1438
DA:10,1438
DA:12,1438
DA:13,1438
DA:15,815
DA:17,815
DA:18,228
DA:20,587
DA:23,815
DA:25,815
DA:26,815
DA:28,1630
DA:29,815
DA:31,815
DA:33,815
DA:38,815
DA:40,214
DA:41,214
DA:45,601
DA:47,601
DA:48,373
DA:51,815
DA:53,815
DA:54,815
DA:56,1438
DA:58,1438
DA:59,323
DA:61,1115
DA:62,1438
DA:64,769
DA:66,769
DA:67,769
DA:69,452
DA:71,452
DA:72,452
DA:74,3
DA:76,3
DA:77,3
LF:38
LH:38
end_of_record
TN:
SF:/home/shnoo/Projects/uHLL/src/Translator/GenerateFunction.cpp
FN:22,_Z22translateFunctionIcodeR13ModuleContextR13BranchContextRK20FormatStringsContextRKN5icode19FunctionDescriptionEPN4llvm8FunctionE
FN:141,_Z18setupFunctionStackR13ModuleContextRKN5icode19FunctionDescriptionEPN4llvm8FunctionE
FN:157,_Z29setCurrentFunctionReturnValueR13ModuleContextRKN5icode19FunctionDescriptionERKNSt7__cxx1112basic_stringIcSt11char_traitsIcESaIcEEEPN4llvm8FunctionE
FN:177,_Z16generateFunctionR13ModuleContextR13BranchContextRK20FormatStringsContextRKN5icode19FunctionDescriptionERKNSt7__cxx1112basic_stringIcSt11char_traitsIcESaIcEEE
FNDA:936,_Z29setCurrentFunctionReturnValueR13ModuleContextRKN5icode19FunctionDescriptionERKNSt7__cxx1112basic_stringIcSt11char_traitsIcESaIcEEEPN4llvm8FunctionE
FNDA:1108,_Z22translateFunctionIcodeR13ModuleContextR13BranchContextRK20FormatStringsContextRKN5icode19FunctionDescriptionEPN4llvm8FunctionE
FNDA:1108,_Z18setupFunctionStackR13ModuleContextRKN5icode19FunctionDescriptionEPN4llvm8FunctionE
FNDA:1108,_Z16generateFunctionR13ModuleContextR13BranchContextRK20FormatStringsContextRKN5icode19FunctionDescriptionERKNSt7__cxx1112basic_stringIcSt11char_traitsIcESaIcEEE
FNF:4
FNH:4
DA:22,1108
DA:29,25784
DA:31,24676
DA:33,24676
DA:35,2235
DA:36,2235
DA:37,2235
DA:38,42
DA:39,42
DA:40,42
DA:41,1603
DA:51,1603
DA:52,1603
DA:53,3
DA:54,3
DA:55,3
DA:56,95
DA:57,95
DA:58,95
DA:59,3001
DA:60,3001
DA:61,3001
DA:62,9
DA:63,9
DA:64,9
DA:65,868
DA:71,868
DA:72,868
DA:73,1317
DA:74,1317
DA:75,1317
DA:76,1230
DA:79,1230
DA:80,1230
DA:81,3111
DA:82,3111
DA:83,3111
DA:84,112
DA:85,112
DA:86,112
DA:87,2741
DA:89,2741
DA:90,2741
DA:91,1675
DA:92,1675
DA:93,1675
DA:94,815
DA:95,815
DA:96,815
DA:97,686
DA:98,686
DA:99,686
DA:100,331
DA:101,331
DA:102,331
DA:103,753
DA:104,753
DA:105,753
DA:106,252
DA:107,252
DA:108,252
DA:109,769
DA:110,769
DA:111,769
DA:112,452
DA:113,452
DA:114,452
DA:115,3
DA:116,3
DA:117,3
DA:118,815
DA:119,815
DA:120,815
DA:121,1438
DA:122,1438
DA:123,1438
DA:124,0
DA:125,0
DA:126,0
DA:127,0
DA:128,0
DA:129,0
DA:130,320
DA:131,320
DA:132,320
DA:133,0
DA:134,0
DA:137,24676
DA:139,1108
DA:141,1108
DA:144,3546
DA:145,2438
DA:146,1031
DA:148,2515
DA:150,1407
DA:151,1407
DA:152,1407
DA:153,1407
DA:155,1108
DA:157,936
DA:162,936
DA:164,139
DA:165,139
DA:166,139
DA:170,797
DA:171,1594
DA:173,1594
DA:175,936
DA:177,1108
DA:183,1108
DA:184,1108
DA:186,1108
DA:189,1108
DA:190,1108
DA:192,1108
DA:195,1108
DA:196,936
DA:199,1108
DA:202,1108
DA:204,1108
DA:205,1108
LF:121
LH:113
end_of_record
TN:
SF:/home/shnoo/Projects/uHLL/src/Translator/GenerateModule.cpp
FN:7,_Z14generateModuleR13ModuleContextR13BranchContextR20FormatStringsContext
FNDA:387,_Z14generateModuleR13ModuleContextR13BranchContextR20FormatStringsContext
FNF:1
FNH:1
DA:7,387
DA:9,387
DA:10,387
DA:11,387
DA:13,396
DA:14,9
DA:16,704
DA:17,317
DA:19,1495
DA:20,1108
DA:21,387
LF:11
LH:11
end_of_record
TN:
SF:/home/shnoo/Projects/uHLL/src/Translator/GetAndSetLLVM.cpp
FN:9,_Z15getLLVMConstantRK13ModuleContextRKN5icode7OperandE
FN:23,_Z22getFunctionDescriptionRK13ModuleContextRKNSt7__cxx1112basic_stringIcSt11char_traitsIcESaIcEEES9_
FN:40,_Z15getLLVMFunctionRK13ModuleContextRKNSt7__cxx1112basic_stringIcSt11char_traitsIcESaIcEEERKN5icode19FunctionDescriptionE
FN:51,_Z20getStringDataPointerR13ModuleContextRKN5icode7OperandE
FN:61,_Z14getLLVMPointerR13ModuleContextRKN5icode7OperandE
FN:88,_Z12getLLVMValueR13ModuleContextRKN5icode7OperandE
FN:111,_Z12setLLVMValueR13ModuleContextRKN5icode7OperandEPN4llvm5ValueE
FN:132,_Z23getLLVMPointerToPointerR13ModuleContextRKN5icode7OperandE
FNDA:1923,_Z15getLLVMFunctionRK13ModuleContextRKNSt7__cxx1112basic_stringIcSt11char_traitsIcESaIcEEERKN5icode19FunctionDescriptionE
FNDA:12289,_Z12setLLVMValueR13ModuleContextRKN5icode7OperandEPN4llvm5ValueE
FNDA:21927,_Z12getLLVMValueR13ModuleContextRKN5icode7OperandE
FNDA:352,_Z20getStringDataPointerR13ModuleContextRKN5icode7OperandE
FNDA:60,_Z23getLLVMPointerToPointerR13ModuleContextRKN5icode7OperandE
FNDA:815,_Z22getFunctionDescriptionRK13ModuleContextRKNSt7__cxx1112basic_stringIcSt11char_traitsIcESaIcEEES9_
FNDA:5889,_Z15getLLVMConstantRK13ModuleContextRKN5icode7OperandE
FNDA:12546,_Z14getLLVMPointerR13ModuleContextRKN5icode7OperandE
FNF:8
FNH:8
DA:9,5889
DA:11,5889
DA:12,2407
DA:14,3482
DA:15,3131
DA:17,351
DA:18,351
DA:20,0
DA:23,815
DA:27,815
DA:29,815
DA:31,815
DA:32,682
DA:34,133
DA:35,133
DA:37,0
DA:40,1923
DA:44,1923
DA:45,585
DA:47,1338
DA:48,1338
DA:51,352
DA:53,352
DA:55,352
DA:56,343
DA:58,9
DA:61,12546
DA:63,12546
DA:65,36
DA:66,36
DA:67,6663
DA:68,6663
DA:69,60
DA:70,60
DA:71,1257
DA:72,1257
DA:73,3576
DA:74,3576
DA:75,15
DA:76,15
DA:77,575
DA:78,575
DA:79,12
DA:80,12
DA:81,352
DA:82,352
DA:83,0
DA:84,0
DA:88,21927
DA:90,21927
DA:92,5889
DA:94,5889
DA:95,3344
DA:98,3344
DA:99,18
DA:101,18
DA:102,12676
DA:105,12676
DA:106,0
DA:107,0
DA:111,12289
DA:113,12289
DA:115,10054
DA:120,10054
DA:121,10054
DA:122,2235
DA:125,2235
DA:126,2235
DA:127,0
DA:128,0
DA:130,12289
DA:132,60
DA:134,60
DA:136,30
DA:137,30
DA:138,9
DA:139,9
DA:140,21
DA:141,63
DA:142,42
DA:143,0
DA:144,0
LF:82
LH:72
end_of_record
TN:
SF:/home/shnoo/Projects/uHLL/src/Translator/Input.cpp
FN:8,_Z10setupScanfRK13ModuleContext
FN:17,_Z9callScanfRK13ModuleContextPN4llvm5ValueES4_
FN:29,_Z5inputR13ModuleContextRK20FormatStringsContextRKN5icode5EntryE
FN:34,_Z11inputStringR13ModuleContextRKN5icode5EntryE
FNDA:0,_Z9callScanfRK13ModuleContextPN4llvm5ValueES4_
FNDA:0,_Z11inputStringR13ModuleContextRKN5icode5EntryE
FNDA:387,_Z10setupScanfRK13ModuleContext
FNDA:0,_Z5inputR13ModuleContextRK20FormatStringsContextRKN5icode5EntryE
FNF:4
FNH:1
DA:8,387
DA:11,387
DA:12,387
DA:13,387
DA:14,387
DA:15,387
DA:17,0
DA:20,0
DA:21,0
DA:22,0
DA:23,0
DA:26,0
DA:27,0
DA:29,0
DA:31,0
DA:32,0
DA:34,0
DA:36,0
DA:37,0
LF:19
LH:6
end_of_record
TN:
SF:/home/shnoo/Projects/uHLL/src/Translator/LLVMTranslator.cpp
FN:14,_ZN10translator9getTargetEv
FN:21,_Z19getLLVMModuleStringB5cxx11RKN4llvm6ModuleE
FN:31,_ZN10translator24generateLLVMModuleObjectERN5icode17ModuleDescriptionERSt3mapINSt7__cxx1112basic_stringIcSt11char_traitsIcESaIcEEES1_St4lessIS9_ESaISt4pairIKS9_S1_EEER7Console
FN:46,_ZN10translator24generateLLVMModuleStringERN5icode17ModuleDescriptionERSt3mapINSt7__cxx1112basic_stringIcSt11char_traitsIcESaIcEEES1_St4lessIS9_ESaISt4pairIKS9_S1_EEER7Console
FNDA:93,_Z19getLLVMModuleStringB5cxx11RKN4llvm6ModuleE
FNDA:93,_ZN10translator24generateLLVMModuleStringERN5icode17ModuleDescriptionERSt3mapINSt7__cxx1112basic_stringIcSt11char_traitsIcESaIcEEES1_St4lessIS9_ESaISt4pairIKS9_S1_EEER7Console
FNDA:294,_ZN10translator24generateLLVMModuleObjectERN5icode17ModuleDescriptionERSt3mapINSt7__cxx1112basic_stringIcSt11char_traitsIcESaIcEEES1_St4lessIS9_ESaISt4pairIKS9_S1_EEER7Console
FNDA:604,_ZN10translator9getTargetEv
FNF:4
FNH:4
DA:14,604
DA:16,604
DA:18,604
DA:21,93
DA:23,93
DA:24,186
DA:25,93
DA:26,93
DA:28,186
DA:31,294
DA:35,588
DA:36,588
DA:37,588
DA:39,294
DA:41,294
DA:42,294
DA:43,294
DA:44,294
DA:46,93
DA:50,186
DA:51,186
DA:52,186
DA:54,93
DA:56,186
LF:24
LH:24
end_of_record
TN:
SF:/home/shnoo/Projects/uHLL/src/Translator/ModuleContext.cpp
FN:7,_ZN13ModuleContextC2ERN5icode17ModuleDescriptionERSt3mapINSt7__cxx1112basic_stringIcSt11char_traitsIcESaIcEEES1_St4lessIS9_ESaISt4pairIKS9_S1_EEER7Console
FN:19,_ZN13ModuleContext5clearEv
FNDA:1108,_ZN13ModuleContext5clearEv
FNDA:387,_ZN13ModuleContextC2ERN5icode17ModuleDescriptionERSt3mapINSt7__cxx1112basic_stringIcSt11char_traitsIcESaIcEEES1_St4lessIS9_ESaISt4pairIKS9_S1_EEER7Console
FNF:2
FNH:2
DA:7,387
DA:9,387
DA:12,387
DA:14,387
DA:15,387
DA:16,387
DA:17,387
DA:19,1108
DA:21,1108
DA:22,1108
DA:23,1108
DA:24,1108
LF:12
LH:12
end_of_record
TN:
SF:/home/shnoo/Projects/uHLL/src/Translator/Print.cpp
FN:7,_Z11setupPrintfRK13ModuleContext
FN:16,_Z10callPrintfRK13ModuleContextPN4llvm5ValueES4_
FN:31,_Z5printR13ModuleContextRK20FormatStringsContextRKN5icode5EntryE
FN:44,_Z11printStringR13ModuleContextRKN5icode5EntryE
FNDA:2022,_Z10callPrintfRK13ModuleContextPN4llvm5ValueES4_
FNDA:387,_Z11setupPrintfRK13ModuleContext
FNDA:331,_Z11printStringR13ModuleContextRKN5icode5EntryE
FNDA:686,_Z5printR13ModuleContextRK20FormatStringsContextRKN5icode5EntryE
FNF:4
FNH:4
DA:7,387
DA:10,387
DA:11,387
DA:12,387
DA:13,387
DA:14,387
DA:16,2022
DA:19,2022
DA:21,2022
DA:22,2022
DA:24,2022
DA:25,686
DA:28,2022
DA:29,2022
DA:31,686
DA:33,686
DA:36,686
DA:37,90
DA:39,596
DA:41,686
DA:42,686
DA:44,331
DA:46,331
DA:48,331
DA:49,331
LF:25
LH:25
end_of_record
TN:
SF:/home/shnoo/Projects/uHLL/src/Translator/ReadWriteCopy.cpp
FN:8,_Z13createPointerR13ModuleContextRKN5icode5EntryE
FN:31,_Z4copyR13ModuleContextRKN5icode5EntryE
FN:39,_Z13pointerAssignR13ModuleContextRKN5icode5EntryE
FN:52,_Z4readR13ModuleContextRKN5icode5EntryE
FN:62,_Z5writeR13ModuleContextRKN5icode5EntryE
FN:72,_Z9ensureI64RK13ModuleContextPN4llvm5ValueE
FN:80,_Z21addressBinaryOperatorR13ModuleContextRKN5icode5EntryE
FN:104,_Z7memCopyR13ModuleContextRKN5icode5EntryE
FNDA:320,_Z7memCopyR13ModuleContextRKN5icode5EntryE
FNDA:3111,_Z13createPointerR13ModuleContextRKN5icode5EntryE
FNDA:815,_Z5writeR13ModuleContextRKN5icode5EntryE
FNDA:2741,_Z21addressBinaryOperatorR13ModuleContextRKN5icode5EntryE
FNDA:334,_Z9ensureI64RK13ModuleContextPN4llvm5ValueE
FNDA:42,_Z13pointerAssignR13ModuleContextRKN5icode5EntryE
FNDA:1675,_Z4readR13ModuleContextRKN5icode5EntryE
FNDA:2235,_Z4copyR13ModuleContextRKN5icode5EntryE
FNF:8
FNH:8
DA:8,3111
DA:12,3111
DA:14,123
DA:15,123
DA:16,123
DA:17,2988
DA:23,0
DA:24,2988
DA:25,2988
DA:26,0
DA:27,0
DA:29,3111
DA:31,2235
DA:35,2235
DA:36,2235
DA:37,2235
DA:39,42
DA:43,42
DA:44,42
DA:46,42
DA:47,9
DA:49,42
DA:50,42
DA:52,1675
DA:56,1675
DA:57,1675
DA:59,1675
DA:60,1675
DA:62,815
DA:66,815
DA:67,815
DA:69,815
DA:70,815
DA:72,334
DA:74,334
DA:75,155
DA:77,179
DA:80,2741
DA:85,2741
DA:86,2741
DA:88,2741
DA:90,2407
DA:91,2407
DA:92,2407
DA:93,334
DA:94,334
DA:95,334
DA:96,0
DA:97,0
DA:101,2741
DA:102,2741
DA:104,320
DA:106,320
DA:107,320
DA:108,320
DA:110,320
DA:111,320
LF:57
LH:52
end_of_record
TN:
SF:/home/shnoo/Projects/uHLL/src/Translator/SetupLLVM.cpp
FN:17,_Z24initializeTargetRegistryv
FN:26,_Z30setupTargetTripleAndDataLayoutRK13ModuleContext
FN:49,_Z31setupPassManagerAndCreateObjectR13ModuleContextPN4llvm13TargetMachineE
FNDA:294,_Z31setupPassManagerAndCreateObjectR13ModuleContextPN4llvm13TargetMachineE
FNDA:294,_Z24initializeTargetRegistryv
FNDA:294,_Z30setupTargetTripleAndDataLayoutRK13ModuleContext
FNF:3
FNH:3
DA:17,294
DA:19,294
DA:20,294
DA:21,294
DA:22,294
DA:23,294
DA:24,294
DA:26,294
DA:28,588
DA:29,294
DA:31,588
DA:32,294
DA:34,294
DA:35,0
DA:37,588
DA:38,588
DA:40,294
DA:41,294
DA:42,294
DA:44,294
DA:46,588
DA:49,294
DA:51,588
DA:52,294
DA:53,588
DA:55,294
DA:56,0
DA:58,588
DA:59,294
DA:61,294
DA:62,0
DA:64,294
DA:65,294
DA:66,294
LF:34
LH:31
end_of_record
TN:
SF:/home/shnoo/Projects/uHLL/src/Translator/ToLLVMType.cpp
FN:5,_Z18dataTypeToLLVMTypeRK13ModuleContextN5icode8DataTypeE
FN:35,_Z25dataTypeToLLVMPointerTypeRK13ModuleContextN5icode8DataTypeE
FN:63,_Z31typeDescriptionToAllocaLLVMTypeRK13ModuleContextRKN5icode15TypeDescriptionE
FN:74,_Z25typeDescriptionToLLVMTypeRK13ModuleContextRKN5icode15TypeDescriptionE
FN:89,_Z25funcDescriptionToLLVMTypeRK13ModuleContextRKN5icode19FunctionDescriptionE
FNDA:1744,_Z25typeDescriptionToLLVMTypeRK13ModuleContextRKN5icode15TypeDescriptionE
FNDA:15489,_Z18dataTypeToLLVMTypeRK13ModuleContextN5icode8DataTypeE
FNDA:5510,_Z31typeDescriptionToAllocaLLVMTypeRK13ModuleContextRKN5icode15TypeDescriptionE
FNDA:1338,_Z25funcDescriptionToLLVMTypeRK13ModuleContextRKN5icode19FunctionDescriptionE
FNDA:6516,_Z25dataTypeToLLVMPointerTypeRK13ModuleContextN5icode8DataTypeE
FNF:5
FNH:5
DA:5,15489
DA:8,15489
DA:10,750
DA:12,750
DA:13,24
DA:15,24
DA:16,4673
DA:18,4673
DA:19,7319
DA:22,7319
DA:23,1895
DA:24,1895
DA:25,595
DA:27,595
DA:28,233
DA:29,233
DA:30,0
DA:31,0
DA:35,6516
DA:37,6516
DA:39,2536
DA:42,2536
DA:43,0
DA:45,0
DA:46,3483
DA:48,3483
DA:49,351
DA:52,351
DA:53,146
DA:54,146
DA:55,0
DA:57,0
DA:58,0
DA:59,0
DA:63,5510
DA:65,5510
DA:66,138
DA:68,5372
DA:69,683
DA:71,4689
DA:74,1744
DA:76,1744
DA:79,1470
DA:81,735
DA:83,735
DA:86,1009
DA:89,1338
DA:91,2676
DA:93,3082
DA:95,3488
DA:97,1744
DA:99,1744
DA:100,3
DA:102,1744
DA:107,1338
DA:109,176
DA:110,176
DA:112,176
DA:117,1162
DA:119,1162
LF:60
LH:52
end_of_record
TN:
SF:/home/shnoo/Projects/uHLL/src/Translator/UnaryOperator.cpp
FN:7,_Z10bitwiseNotR13ModuleContextRKN5icode5EntryE
FN:14,_Z10unaryMinusR13ModuleContextRKN5icode5EntryE
FNDA:3,_Z10bitwiseNotR13ModuleContextRKN5icode5EntryE
FNDA:95,_Z10unaryMinusR13ModuleContextRKN5icode5EntryE
FNF:2
FNH:2
DA:7,3
DA:9,3
DA:11,3
DA:12,3
DA:14,95
DA:18,95
DA:19,20
DA:21,75
DA:23,95
DA:24,95
LF:10
LH:10
end_of_record
TN:
SF:/home/shnoo/Projects/uHLL/src/main.cpp
FN:16,_Z13printCLIUsagev
FN:31,_Z11generateASTR7Console
FN:37,_Z10generateIRR7ConsoleRKNSt7__cxx1112basic_stringIcSt11char_traitsIcESaIcEEERN5icode11TargetEnumsERSt3mapIS6_NS9_17ModuleDescriptionESt4lessIS6_ESaISt4pairIS7_SD_EEE
FN:60,_Z11phaseDriverRKNSt7__cxx1112basic_stringIcSt11char_traitsIcESaIcEEES6_R7Console
FN:110,main
FNDA:605,_Z11phaseDriverRKNSt7__cxx1112basic_stringIcSt11char_traitsIcESaIcEEES6_R7Console
FNDA:2,_Z13printCLIUsagev
FNDA:827,_Z10generateIRR7ConsoleRKNSt7__cxx1112basic_stringIcSt11char_traitsIcESaIcEEERN5icode11TargetEnumsERSt3mapIS6_NS9_17ModuleDescriptionESt4lessIS6_ESaISt4pairIS7_SD_EEE
FNDA:827,_Z11generateASTR7Console
FNDA:607,main
FNF:5
FNH:5
DA:16,2
DA:18,2
DA:19,2
DA:20,2
DA:21,2
DA:22,2
DA:23,2
DA:24,2
DA:25,2
DA:26,2
DA:27,2
DA:28,2
DA:29,2
DA:31,827
DA:33,1651
DA:34,1627
DA:37,827
DA:43,1630
DA:45,1606
DA:47,803
DA:49,1023
DA:50,229
DA:52,223
DA:53,223
DA:54,223
DA:57,794
DA:58,503
DA:60,605
DA:62,605
DA:64,604
DA:66,0
DA:67,0
DA:70,604
DA:72,0
DA:73,0
DA:76,1208
DA:77,1208
DA:78,604
DA:80,280
DA:82,0
DA:83,0
DA:86,280
DA:88,0
DA:89,0
DA:92,280
DA:94,93
DA:95,93
DA:98,187
DA:100,480
DA:101,294
DA:103,186
DA:106,1
DA:107,1
DA:110,607
DA:112,1214
DA:114,607
DA:116,1
DA:117,1
DA:120,1212
DA:122,606
DA:124,1
DA:125,1
DA:128,605
DA:130,0
DA:131,0
DA:134,1210
DA:138,605
DA:140,324
DA:142,324
DA:144,0
DA:146,0
DA:148,0
DA:150,0
DA:151,0
DA:153,1
DA:155,1
DA:156,1
DA:158,0
DA:160,0
DA:161,0
DA:162,0
DA:165,0
LF:82
LH:62
end_of_record
